const= 20.804584535698034
(80000,)
cumulative freq 1.0000000000485376
1.0000000000000009 1.0000000000485358
kl divergence between ground truth and empirical truth 0.034129454326526525
js divergence between ground truth and empirical truth 0.008885377318449579
0 validation =============================
initial loss: 20.127873962402344
loss after epoch 0 : 0.04463684570789337
loss after epoch 1 : 0.044515241622924806
loss after epoch 2 : 0.04451540994644165
loss after epoch 3 : 0.04451547360420227
loss after epoch 4 : 0.044515178680419924
loss after epoch 5 : 0.04451511645317078
loss after epoch 6 : 0.044516376972198485
loss after epoch 7 : 0.044515709280967715
loss after epoch 8 : 0.044516442537307736
loss after epoch 9 : 0.04451757848262787
loss after epoch 10 : 0.044515307307243346
loss after epoch 11 : 0.044515543818473814
loss after epoch 12 : 0.04458843636512756
loss after epoch 13 : 0.044522576451301574
loss after epoch 14 : 0.04464729166030884
loss after epoch 15 : 0.03364410817623138
loss after epoch 16 : 0.032775657892227174
loss after epoch 17 : 0.03221928656101227
loss after epoch 18 : 0.0321181480884552
loss after epoch 19 : 0.03199102520942688
loss after epoch 20 : 0.03152251446247101
loss after epoch 21 : 0.03106820523738861
loss after epoch 22 : 0.03100943863391876
loss after epoch 23 : 0.031017671227455138
loss after epoch 24 : 0.031033487796783447
loss after epoch 25 : 0.0308808913230896
loss after epoch 26 : 0.03081459152698517
loss after epoch 27 : 0.030934913158416746
loss after epoch 28 : 0.03094241738319397
loss after epoch 29 : 0.030928273797035218
loss after epoch 30 : 0.03094893765449524
loss after epoch 31 : 0.030835670590400696
loss after epoch 32 : 0.030854955911636353
loss after epoch 33 : 0.030787354350090026
loss after epoch 34 : 0.031010756850242616
loss after epoch 35 : 0.031084846735000612
loss after epoch 36 : 0.030754863500595093
loss after epoch 37 : 0.03077438247203827
loss after epoch 38 : 0.03084974467754364
loss after epoch 39 : 0.030903730630874635
loss after epoch 40 : 0.030863464951515197
loss after epoch 41 : 0.030749904036521912
loss after epoch 42 : 0.030774959206581114
loss after epoch 43 : 0.030820005893707276
loss after epoch 44 : 0.030869538068771362
loss after epoch 45 : 0.030772942662239074
loss after epoch 46 : 0.030977773308753967
loss after epoch 47 : 0.030807996988296508
loss after epoch 48 : 0.030829259037971495
loss after epoch 49 : 0.031469273328781126
loss after epoch 50 : 0.030954702973365784
loss after epoch 51 : 0.030809469103813172
loss after epoch 52 : 0.0312883038520813
loss after epoch 53 : 0.03077920365333557
loss after epoch 54 : 0.030959568381309508
loss after epoch 55 : 0.031040291905403136
loss after epoch 56 : 0.030831122279167174
loss after epoch 57 : 0.030781838059425352
loss after epoch 58 : 0.030771382093429566
loss after epoch 59 : 0.03093176448345184
loss after epoch 60 : 0.03079580581188202
loss after epoch 61 : 0.030814391374588013
loss after epoch 62 : 0.030807841897010805
loss after epoch 63 : 0.030807196855545043
loss after epoch 64 : 0.03079132115840912
loss after epoch 65 : 0.030817885994911195
loss after epoch 66 : 0.030837711930274965
loss after epoch 67 : 0.03081040608882904
loss after epoch 68 : 0.030949869394302366
loss after epoch 69 : 0.03098577892780304
loss after epoch 70 : 0.030928780555725097
loss after epoch 71 : 0.03109711706638336
loss after epoch 72 : 0.030847670316696166
loss after epoch 73 : 0.030797030448913573
loss after epoch 74 : 0.03077735424041748
loss after epoch 75 : 0.030883106112480165
loss after epoch 76 : 0.031240912199020386
loss after epoch 77 : 0.03074276292324066
loss after epoch 78 : 0.03137318623065948
loss after epoch 79 : 0.03076415991783142
loss after epoch 80 : 0.030786932468414307
loss after epoch 81 : 0.03083262872695923
loss after epoch 82 : 0.030776530504226685
loss after epoch 83 : 0.030779450178146362
loss after epoch 84 : 0.030742021560668947
loss after epoch 85 : 0.0309521324634552
loss after epoch 86 : 0.03089999544620514
loss after epoch 87 : 0.030748978734016417
loss after epoch 88 : 0.030853323459625243
loss after epoch 89 : 0.03106240725517273
loss after epoch 90 : 0.030743123292922975
loss after epoch 91 : 0.030787824511528016
loss after epoch 92 : 0.030804101943969726
loss after epoch 93 : 0.03074030339717865
loss after epoch 94 : 0.030970916509628296
loss after epoch 95 : 0.03082722866535187
loss after epoch 96 : 0.0307844318151474
loss after epoch 97 : 0.030847350120544435
loss after epoch 98 : 0.03099923026561737
loss after epoch 99 : 0.030776795268058776
loss after epoch 100 : 0.030785090684890746
loss after epoch 101 : 0.030888103485107423
loss after epoch 102 : 0.03080977809429169
loss after epoch 103 : 0.03081090235710144
loss after epoch 104 : 0.030747928023338318
loss after epoch 105 : 0.03078183376789093
loss after epoch 106 : 0.031133278489112855
loss after epoch 107 : 0.030778067350387572
loss after epoch 108 : 0.03075426423549652
loss after epoch 109 : 0.030744201064109803
loss after epoch 110 : 0.03077904772758484
loss after epoch 111 : 0.03076639723777771
loss after epoch 112 : 0.0307504323720932
loss after epoch 113 : 0.030754766702651978
loss after epoch 114 : 0.03127679109573364
loss after epoch 115 : 0.030745771288871765
loss after epoch 116 : 0.030787684202194215
loss after epoch 117 : 0.030883291482925415
loss after epoch 118 : 0.030819201946258545
loss after epoch 119 : 0.030988717794418336
loss after epoch 120 : 0.030879987478256224
loss after epoch 121 : 0.030767508268356322
loss after epoch 122 : 0.030766635417938233
loss after epoch 123 : 0.030791114330291747
loss after epoch 124 : 0.03077671718597412
loss after epoch 125 : 0.030965194821357726
loss after epoch 126 : 0.030777471899986267
loss after epoch 127 : 0.030770462393760682
loss after epoch 128 : 0.030937116384506226
loss after epoch 129 : 0.030813462972640992
loss after epoch 130 : 0.030742740273475646
loss after epoch 131 : 0.03076111936569214
loss after epoch 132 : 0.03077638566493988
loss after epoch 133 : 0.030999409556388854
loss after epoch 134 : 0.030838475942611694
loss after epoch 135 : 0.030747207403182982
loss after epoch 136 : 0.030812270998954772
loss after epoch 137 : 0.030774922609329222
loss after epoch 138 : 0.031385383248329166
loss after epoch 139 : 0.030830159425735474
loss after epoch 140 : 0.03081448447704315
loss after epoch 141 : 0.030795390248298644
loss after epoch 142 : 0.030975261211395263
loss after epoch 143 : 0.030924732089042662
loss after epoch 144 : 0.030787800192832948
loss after epoch 145 : 0.030875433564186098
loss after epoch 146 : 0.030765939354896545
loss after epoch 147 : 0.03085389006137848
loss after epoch 148 : 0.031064854383468628
loss after epoch 149 : 0.03104631495475769
1 validation =============================
initial loss: 22.70506861114502
loss after epoch 0 : 0.04463881933689117
loss after epoch 1 : 0.04448847329616547
loss after epoch 2 : 0.04448868978023529
loss after epoch 3 : 0.04451460134983063
loss after epoch 4 : 0.044488712906837466
loss after epoch 5 : 0.04448895263671875
loss after epoch 6 : 0.04448891377449036
loss after epoch 7 : 0.04448832905292511
loss after epoch 8 : 0.044510757565498354
loss after epoch 9 : 0.04451694691181183
loss after epoch 10 : 0.044515244245529176
loss after epoch 11 : 0.044499815225601196
loss after epoch 12 : 0.04449122130870819
loss after epoch 13 : 0.04454401910305023
loss after epoch 14 : 0.04448830795288086
loss after epoch 15 : 0.03331080150604248
loss after epoch 16 : 0.03234512877464295
loss after epoch 17 : 0.03225427794456482
loss after epoch 18 : 0.03211897599697113
loss after epoch 19 : 0.032028703570365906
loss after epoch 20 : 0.03184359323978424
loss after epoch 21 : 0.03174460351467132
loss after epoch 22 : 0.03173890650272369
loss after epoch 23 : 0.03160107505321503
loss after epoch 24 : 0.03164841318130493
loss after epoch 25 : 0.031448999762535096
loss after epoch 26 : 0.031415812849998476
loss after epoch 27 : 0.032252336859703065
loss after epoch 28 : 0.031402440786361695
loss after epoch 29 : 0.031593451619148255
loss after epoch 30 : 0.03142559862136841
loss after epoch 31 : 0.03192744183540344
loss after epoch 32 : 0.0315715389251709
loss after epoch 33 : 0.03141380059719086
loss after epoch 34 : 0.0318151433467865
loss after epoch 35 : 0.03158151066303253
loss after epoch 36 : 0.03074483585357666
loss after epoch 37 : 0.030690282940864563
loss after epoch 38 : 0.03073167383670807
loss after epoch 39 : 0.030708730936050414
loss after epoch 40 : 0.030896538376808166
loss after epoch 41 : 0.03080174684524536
loss after epoch 42 : 0.03093337965011597
loss after epoch 43 : 0.030689660906791687
loss after epoch 44 : 0.030863560557365416
loss after epoch 45 : 0.03068310546875
loss after epoch 46 : 0.030708088517189026
loss after epoch 47 : 0.03073788571357727
loss after epoch 48 : 0.03070934879779816
loss after epoch 49 : 0.030805875062942505
loss after epoch 50 : 0.030749915480613708
loss after epoch 51 : 0.031077786207199098
loss after epoch 52 : 0.030757676124572753
loss after epoch 53 : 0.030748527765274047
loss after epoch 54 : 0.030673333287239073
loss after epoch 55 : 0.030671062231063844
loss after epoch 56 : 0.03065324783325195
loss after epoch 57 : 0.030735774993896483
loss after epoch 58 : 0.03074858033657074
loss after epoch 59 : 0.03084446704387665
loss after epoch 60 : 0.03076338505744934
loss after epoch 61 : 0.030680983424186705
loss after epoch 62 : 0.03080790412425995
loss after epoch 63 : 0.030678311109542847
loss after epoch 64 : 0.030741153478622437
loss after epoch 65 : 0.03082684814929962
loss after epoch 66 : 0.030660096049308777
loss after epoch 67 : 0.030660706639289857
loss after epoch 68 : 0.030649240851402283
loss after epoch 69 : 0.03072976565361023
loss after epoch 70 : 0.030669522643089295
loss after epoch 71 : 0.030920554399490357
loss after epoch 72 : 0.03093324863910675
loss after epoch 73 : 0.03066125500202179
loss after epoch 74 : 0.030693901658058166
loss after epoch 75 : 0.030788268685340882
loss after epoch 76 : 0.03065956473350525
loss after epoch 77 : 0.030904030919075013
loss after epoch 78 : 0.030677592396736144
loss after epoch 79 : 0.03072217309474945
loss after epoch 80 : 0.030683364868164063
loss after epoch 81 : 0.031035468578338624
loss after epoch 82 : 0.030687098383903502
loss after epoch 83 : 0.030863577127456666
loss after epoch 84 : 0.03096309995651245
loss after epoch 85 : 0.030853421211242675
loss after epoch 86 : 0.030789526224136353
loss after epoch 87 : 0.030685502767562867
loss after epoch 88 : 0.030745104312896728
loss after epoch 89 : 0.030852704286575317
loss after epoch 90 : 0.030791035890579223
loss after epoch 91 : 0.03069610834121704
loss after epoch 92 : 0.030820597171783447
loss after epoch 93 : 0.030647194147109987
loss after epoch 94 : 0.0306685631275177
loss after epoch 95 : 0.030879392623901367
loss after epoch 96 : 0.03074654948711395
loss after epoch 97 : 0.030650853991508485
loss after epoch 98 : 0.030803810715675353
loss after epoch 99 : 0.030991953253746034
loss after epoch 100 : 0.030637727022171022
loss after epoch 101 : 0.030744119048118593
loss after epoch 102 : 0.03069657075405121
loss after epoch 103 : 0.030694395065307616
loss after epoch 104 : 0.03068565368652344
loss after epoch 105 : 0.030757009506225588
loss after epoch 106 : 0.030716250777244568
loss after epoch 107 : 0.030868103742599486
loss after epoch 108 : 0.03073622465133667
loss after epoch 109 : 0.03065777254104614
loss after epoch 110 : 0.030677170515060425
loss after epoch 111 : 0.03065982925891876
loss after epoch 112 : 0.030655146956443786
loss after epoch 113 : 0.03126919031143188
loss after epoch 114 : 0.030724085927009582
loss after epoch 115 : 0.030745506167411805
loss after epoch 116 : 0.030918457388877867
loss after epoch 117 : 0.030652573585510254
loss after epoch 118 : 0.030926137566566467
loss after epoch 119 : 0.030887887239456176
loss after epoch 120 : 0.03066047191619873
loss after epoch 121 : 0.030703606605529784
loss after epoch 122 : 0.03066431200504303
loss after epoch 123 : 0.030667490839958192
loss after epoch 124 : 0.03071153473854065
loss after epoch 125 : 0.030747973680496216
loss after epoch 126 : 0.030870530486106874
loss after epoch 127 : 0.030653751254081728
loss after epoch 128 : 0.030719345808029173
loss after epoch 129 : 0.030654122471809386
loss after epoch 130 : 0.03064104747772217
loss after epoch 131 : 0.03065670120716095
loss after epoch 132 : 0.030647520422935486
loss after epoch 133 : 0.0307360680103302
loss after epoch 134 : 0.030826146483421326
loss after epoch 135 : 0.030654103636741637
loss after epoch 136 : 0.030705869793891907
loss after epoch 137 : 0.03082632541656494
loss after epoch 138 : 0.030750381231307983
loss after epoch 139 : 0.031232863783836363
loss after epoch 140 : 0.030697181701660158
loss after epoch 141 : 0.030672258734703063
loss after epoch 142 : 0.030636150717735292
loss after epoch 143 : 0.030690085291862488
loss after epoch 144 : 0.03066398870944977
loss after epoch 145 : 0.030645240664482116
loss after epoch 146 : 0.03067259168624878
loss after epoch 147 : 0.030739755034446717
loss after epoch 148 : 0.030665536880493165
loss after epoch 149 : 0.030700808763504027
2 validation =============================
initial loss: 20.65022448348999
loss after epoch 0 : 0.044658218741416934
loss after epoch 1 : 0.04451374888420105
loss after epoch 2 : 0.04451283836364746
loss after epoch 3 : 0.04451420521736145
loss after epoch 4 : 0.04452291750907898
loss after epoch 5 : 0.04451389014720917
loss after epoch 6 : 0.04453274953365326
loss after epoch 7 : 0.04451479208469391
loss after epoch 8 : 0.044512784361839294
loss after epoch 9 : 0.04451384317874908
loss after epoch 10 : 0.04452446150779724
loss after epoch 11 : 0.04455010974407196
loss after epoch 12 : 0.04451222693920136
loss after epoch 13 : 0.04452265059947968
loss after epoch 14 : 0.04451484966278076
loss after epoch 15 : 0.033380594730377196
loss after epoch 16 : 0.032740815997123716
loss after epoch 17 : 0.03270327353477478
loss after epoch 18 : 0.032060582995414734
loss after epoch 19 : 0.03168196034431457
loss after epoch 20 : 0.031489725470542906
loss after epoch 21 : 0.03142462038993835
loss after epoch 22 : 0.03082792508602142
loss after epoch 23 : 0.030820287346839906
loss after epoch 24 : 0.030887662410736084
loss after epoch 25 : 0.031059508681297303
loss after epoch 26 : 0.031059836030006407
loss after epoch 27 : 0.030721593618392943
loss after epoch 28 : 0.030698685884475708
loss after epoch 29 : 0.0311531617641449
loss after epoch 30 : 0.030804094672203065
loss after epoch 31 : 0.030740414261817933
loss after epoch 32 : 0.030836120963096618
loss after epoch 33 : 0.03076327884197235
loss after epoch 34 : 0.030719679474830626
loss after epoch 35 : 0.030772024393081666
loss after epoch 36 : 0.030747933864593506
loss after epoch 37 : 0.030840149521827696
loss after epoch 38 : 0.030811686754226686
loss after epoch 39 : 0.030841212153434754
loss after epoch 40 : 0.03070242202281952
loss after epoch 41 : 0.03114704442024231
loss after epoch 42 : 0.030703294992446898
loss after epoch 43 : 0.030822996854782105
loss after epoch 44 : 0.031035731554031373
loss after epoch 45 : 0.031035159707069396
loss after epoch 46 : 0.030725432872772216
loss after epoch 47 : 0.03067886996269226
loss after epoch 48 : 0.030846495866775514
loss after epoch 49 : 0.03078233277797699
loss after epoch 50 : 0.03069033205509186
loss after epoch 51 : 0.030784709572792054
loss after epoch 52 : 0.03078191840648651
loss after epoch 53 : 0.030864198446273805
loss after epoch 54 : 0.030718187928199768
loss after epoch 55 : 0.03079412317276001
loss after epoch 56 : 0.031323583126068116
loss after epoch 57 : 0.030823269605636597
loss after epoch 58 : 0.0307704119682312
loss after epoch 59 : 0.030693771958351136
loss after epoch 60 : 0.030839881777763367
loss after epoch 61 : 0.030759387969970704
loss after epoch 62 : 0.030748170733451843
loss after epoch 63 : 0.030874993085861207
loss after epoch 64 : 0.03076930069923401
loss after epoch 65 : 0.030670161604881285
loss after epoch 66 : 0.030909212589263917
loss after epoch 67 : 0.030668185353279115
loss after epoch 68 : 0.030653548240661622
loss after epoch 69 : 0.030952292799949647
loss after epoch 70 : 0.030649601459503174
loss after epoch 71 : 0.030739996075630188
loss after epoch 72 : 0.03065005087852478
loss after epoch 73 : 0.030810040354728698
loss after epoch 74 : 0.030777387022972107
loss after epoch 75 : 0.030676650643348694
loss after epoch 76 : 0.03093589770793915
loss after epoch 77 : 0.03066786229610443
loss after epoch 78 : 0.030663858294487
loss after epoch 79 : 0.030798558592796326
loss after epoch 80 : 0.030706482768058777
loss after epoch 81 : 0.030746726632118224
loss after epoch 82 : 0.031176828384399415
loss after epoch 83 : 0.03085567843914032
loss after epoch 84 : 0.03106096076965332
loss after epoch 85 : 0.03080869746208191
loss after epoch 86 : 0.03075213623046875
loss after epoch 87 : 0.03070166778564453
loss after epoch 88 : 0.030691089510917664
loss after epoch 89 : 0.0308049054145813
loss after epoch 90 : 0.03071594274044037
loss after epoch 91 : 0.030687806129455566
loss after epoch 92 : 0.03070025599002838
loss after epoch 93 : 0.03073129951953888
loss after epoch 94 : 0.0307808438539505
loss after epoch 95 : 0.030690529823303222
loss after epoch 96 : 0.03087162172794342
loss after epoch 97 : 0.030696797370910644
loss after epoch 98 : 0.030735824823379516
loss after epoch 99 : 0.030849038004875182
loss after epoch 100 : 0.030701513528823852
loss after epoch 101 : 0.030965662598609923
loss after epoch 102 : 0.030668630838394165
loss after epoch 103 : 0.030672088265419006
loss after epoch 104 : 0.030666731476783754
loss after epoch 105 : 0.030734303116798402
loss after epoch 106 : 0.030879007935523988
loss after epoch 107 : 0.03069480514526367
loss after epoch 108 : 0.030728448390960693
loss after epoch 109 : 0.031026965260505676
loss after epoch 110 : 0.030707804441452026
loss after epoch 111 : 0.03075231623649597
loss after epoch 112 : 0.030790303111076354
loss after epoch 113 : 0.030699232935905457
loss after epoch 114 : 0.03075338590145111
loss after epoch 115 : 0.030658662438392638
loss after epoch 116 : 0.030715341806411743
loss after epoch 117 : 0.030721422553062438
loss after epoch 118 : 0.03067130732536316
loss after epoch 119 : 0.03079362440109253
loss after epoch 120 : 0.030686513066291807
loss after epoch 121 : 0.03073590397834778
loss after epoch 122 : 0.030726280808448792
loss after epoch 123 : 0.030846010327339173
loss after epoch 124 : 0.030746169447898864
loss after epoch 125 : 0.03065777373313904
loss after epoch 126 : 0.03085012698173523
loss after epoch 127 : 0.031019626140594482
loss after epoch 128 : 0.030676083564758302
loss after epoch 129 : 0.03107104802131653
loss after epoch 130 : 0.030661413192749024
loss after epoch 131 : 0.030714142799377443
loss after epoch 132 : 0.030734591841697693
loss after epoch 133 : 0.030683883905410766
loss after epoch 134 : 0.030705802321434023
loss after epoch 135 : 0.03108416259288788
loss after epoch 136 : 0.030682352304458618
loss after epoch 137 : 0.03065264046192169
loss after epoch 138 : 0.030688708543777466
loss after epoch 139 : 0.030683205366134645
loss after epoch 140 : 0.03150615954399109
loss after epoch 141 : 0.030673977494239807
loss after epoch 142 : 0.03066716480255127
loss after epoch 143 : 0.030762941360473632
loss after epoch 144 : 0.03135889494419098
loss after epoch 145 : 0.030687010288238524
loss after epoch 146 : 0.030873608827590944
loss after epoch 147 : 0.03075676965713501
loss after epoch 148 : 0.03092673707008362
loss after epoch 149 : 0.03069407248497009
3 validation =============================
initial loss: 22.605885829925537
loss after epoch 0 : 0.044744940161705014
loss after epoch 1 : 0.04465135860443115
loss after epoch 2 : 0.04465138292312622
loss after epoch 3 : 0.044671478390693665
loss after epoch 4 : 0.044650793433189395
loss after epoch 5 : 0.04465537047386169
loss after epoch 6 : 0.04465004658699036
loss after epoch 7 : 0.044652555227279664
loss after epoch 8 : 0.04465319287776947
loss after epoch 9 : 0.04466107666492462
loss after epoch 10 : 0.04477077388763428
loss after epoch 11 : 0.04465369367599487
loss after epoch 12 : 0.04464970886707306
loss after epoch 13 : 0.04466631865501404
loss after epoch 14 : 0.02310648286342621
loss after epoch 15 : 0.00881042218208313
loss after epoch 16 : 0.007702660202980042
loss after epoch 17 : 0.0074985092878341675
loss after epoch 18 : 0.007453086614608764
loss after epoch 19 : 0.0073937524557113644
loss after epoch 20 : 0.0070018042325973515
loss after epoch 21 : 0.0071002297401428225
loss after epoch 22 : 0.005360725879669189
loss after epoch 23 : 0.004748616337776184
loss after epoch 24 : 0.00433745002746582
loss after epoch 25 : 0.0034498486518859863
loss after epoch 26 : 0.0028859903812408446
loss after epoch 27 : 0.002429470658302307
loss after epoch 28 : 0.0023208805322647093
loss after epoch 29 : 0.0023311541080474852
loss after epoch 30 : 0.0021860851049423217
loss after epoch 31 : 0.0021792819499969482
loss after epoch 32 : 0.002118472933769226
loss after epoch 33 : 0.0007519446611404419
loss after epoch 34 : 0.00040455830097198487
loss after epoch 35 : 0.0003811460733413696
loss after epoch 36 : 0.0003316960334777832
loss after epoch 37 : 0.0003566089868545532
loss after epoch 38 : 0.0003199925422668457
loss after epoch 39 : 0.00028288185596466066
loss after epoch 40 : 0.00025947356224060057
loss after epoch 41 : 0.00028433704376220703
loss after epoch 42 : 0.0002425515651702881
loss after epoch 43 : 0.00022915184497833253
loss after epoch 44 : 0.00022427463531494142
loss after epoch 45 : 0.00026707851886749267
loss after epoch 46 : 0.00021074235439300538
loss after epoch 47 : 0.00020645904541015625
loss after epoch 48 : 0.0002211282253265381
loss after epoch 49 : 0.0003097625970840454
loss after epoch 50 : 0.00022196972370147706
loss after epoch 51 : 0.000233428955078125
loss after epoch 52 : 0.0001900334358215332
loss after epoch 53 : 0.00019113481044769287
loss after epoch 54 : 0.0003464548587799072
loss after epoch 55 : 0.0002003500461578369
loss after epoch 56 : 0.0001886972188949585
loss after epoch 57 : 0.00022593355178833008
loss after epoch 58 : 0.00020272457599639893
loss after epoch 59 : 0.00017523038387298585
loss after epoch 60 : 0.00021556901931762696
loss after epoch 61 : 0.00017801618576049805
loss after epoch 62 : 0.00018474817276000976
loss after epoch 63 : 0.00020124411582946776
loss after epoch 64 : 0.0001811964511871338
loss after epoch 65 : 0.00017897534370422364
loss after epoch 66 : 0.00019468092918395997
loss after epoch 67 : 0.0001870023012161255
loss after epoch 68 : 0.0001830112934112549
loss after epoch 69 : 0.0001746985912322998
loss after epoch 70 : 0.00017796111106872559
loss after epoch 71 : 0.00017285501956939696
loss after epoch 72 : 0.000178352952003479
loss after epoch 73 : 0.0002868220806121826
loss after epoch 74 : 0.0002127683162689209
loss after epoch 75 : 0.00018011569976806641
loss after epoch 76 : 0.00017577636241912842
loss after epoch 77 : 0.00023276054859161377
loss after epoch 78 : 0.00019847452640533447
loss after epoch 79 : 0.00017577111721038817
loss after epoch 80 : 0.0002340048551559448
loss after epoch 81 : 0.00019786226749420166
loss after epoch 82 : 0.0001811349391937256
loss after epoch 83 : 0.00020265519618988036
loss after epoch 84 : 0.0001671077013015747
loss after epoch 85 : 0.0001742943525314331
loss after epoch 86 : 0.00017934393882751464
loss after epoch 87 : 0.00018295955657958985
loss after epoch 88 : 0.00020634925365447997
loss after epoch 89 : 0.00018438625335693358
loss after epoch 90 : 8.75154733657837e-05
loss after epoch 91 : 3.453576564788818e-05
loss after epoch 92 : 4.789578914642334e-05
loss after epoch 93 : 1.1539697647094727e-05
loss after epoch 94 : 0.00021538424491882323
loss after epoch 95 : 1.1341452598571777e-05
loss after epoch 96 : 1.4104127883911132e-05
loss after epoch 97 : 9.354352951049805e-06
loss after epoch 98 : 8.206796646118164e-05
loss after epoch 99 : 9.260296821594238e-06
loss after epoch 100 : 8.18943977355957e-06
loss after epoch 101 : 4.962813854217529e-05
loss after epoch 102 : 6.827592849731445e-06
loss after epoch 103 : 8.369088172912597e-06
loss after epoch 104 : 7.207751274108887e-06
loss after epoch 105 : 6.425142288208008e-06
loss after epoch 106 : 6.968140602111817e-06
loss after epoch 107 : 1.0199785232543945e-05
loss after epoch 108 : 5.749106407165527e-06
loss after epoch 109 : 1.7787694931030273e-05
loss after epoch 110 : 6.729364395141602e-06
loss after epoch 111 : 1.0985851287841798e-05
loss after epoch 112 : 5.8647394180297855e-06
loss after epoch 113 : 7.816314697265625e-06
loss after epoch 114 : 3.101158142089844e-05
loss after epoch 115 : 5.338072776794434e-06
loss after epoch 116 : 7.519364356994629e-06
loss after epoch 117 : 0.00015364515781402587
loss after epoch 118 : 6.607890129089355e-06
loss after epoch 119 : 9.49704647064209e-06
loss after epoch 120 : 5.819916725158691e-06
loss after epoch 121 : 1.404726505279541e-05
loss after epoch 122 : 2.309119701385498e-05
loss after epoch 123 : 6.5993070602416994e-06
loss after epoch 124 : 1.6057372093200685e-05
loss after epoch 125 : 1.0351777076721192e-05
loss after epoch 126 : 1.3203620910644532e-05
loss after epoch 127 : 8.305668830871582e-06
loss after epoch 128 : 5.304336547851563e-06
loss after epoch 129 : 6.564736366271973e-05
loss after epoch 130 : 2.353858947753906e-05
loss after epoch 131 : 0.00033454060554504394
loss after epoch 132 : 9.309053421020508e-06
loss after epoch 133 : 4.436492919921875e-06
loss after epoch 134 : 9.333014488220214e-06
loss after epoch 135 : 4.783272743225098e-06
loss after epoch 136 : 5.3523778915405275e-06
loss after epoch 137 : 6.059765815734863e-06
loss after epoch 138 : 5.854368209838867e-06
loss after epoch 139 : 4.999399185180664e-06
loss after epoch 140 : 1.4397263526916503e-05
loss after epoch 141 : 5.452156066894531e-06
loss after epoch 142 : 7.190704345703125e-06
loss after epoch 143 : 8.449554443359374e-06
loss after epoch 144 : 0.0001261054277420044
loss after epoch 145 : 6.479024887084961e-06
loss after epoch 146 : 5.570888519287109e-06
loss after epoch 147 : 3.848862648010254e-05
loss after epoch 148 : 1.7989277839660645e-05
loss after epoch 149 : 2.2113919258117675e-05
4 validation =============================
initial loss: 22.10074133682251
loss after epoch 0 : 0.04473052501678467
loss after epoch 1 : 0.04457626008987427
loss after epoch 2 : 0.044577436447143556
loss after epoch 3 : 0.044576663851737974
loss after epoch 4 : 0.04457754373550415
loss after epoch 5 : 0.04457584071159363
loss after epoch 6 : 0.04457916927337646
loss after epoch 7 : 0.04459184944629669
loss after epoch 8 : 0.04457962191104889
loss after epoch 9 : 0.04459913980960846
loss after epoch 10 : 0.04458037376403809
loss after epoch 11 : 0.044615631461143494
loss after epoch 12 : 0.04461704397201538
loss after epoch 13 : 0.04456012845039368
loss after epoch 14 : 0.03325152862071991
loss after epoch 15 : 0.032521082997322086
loss after epoch 16 : 0.03245769691467285
loss after epoch 17 : 0.03240091097354889
loss after epoch 18 : 0.03247666871547699
loss after epoch 19 : 0.03229693412780762
loss after epoch 20 : 0.03168022203445434
loss after epoch 21 : 0.03082561695575714
loss after epoch 22 : 0.0302320077419281
loss after epoch 23 : 0.030142072916030885
loss after epoch 24 : 0.030245402336120605
loss after epoch 25 : 0.030275452375411988
loss after epoch 26 : 0.030137723207473755
loss after epoch 27 : 0.030095117807388307
loss after epoch 28 : 0.030076388239860533
loss after epoch 29 : 0.030177588224411012
loss after epoch 30 : 0.03020687699317932
loss after epoch 31 : 0.030280371308326722
loss after epoch 32 : 0.03029869246482849
loss after epoch 33 : 0.03023681890964508
loss after epoch 34 : 0.030121663212776185
loss after epoch 35 : 0.030149393916130064
loss after epoch 36 : 0.030111530661582946
loss after epoch 37 : 0.030288845777511595
loss after epoch 38 : 0.03012908661365509
loss after epoch 39 : 0.03006909227371216
loss after epoch 40 : 0.0302366327047348
loss after epoch 41 : 0.03012204885482788
loss after epoch 42 : 0.030083944201469422
loss after epoch 43 : 0.030030551433563233
loss after epoch 44 : 0.030138010144233705
loss after epoch 45 : 0.03049927067756653
loss after epoch 46 : 0.03007342565059662
loss after epoch 47 : 0.030056936025619506
loss after epoch 48 : 0.03004448676109314
loss after epoch 49 : 0.03024876606464386
loss after epoch 50 : 0.030040982127189635
loss after epoch 51 : 0.03012518548965454
loss after epoch 52 : 0.03008581554889679
loss after epoch 53 : 0.030303985714912416
loss after epoch 54 : 0.030059429168701173
loss after epoch 55 : 0.030068576097488402
loss after epoch 56 : 0.03016954207420349
loss after epoch 57 : 0.03005121648311615
loss after epoch 58 : 0.03005166792869568
loss after epoch 59 : 0.03006838619709015
loss after epoch 60 : 0.030155084133148193
loss after epoch 61 : 0.03001811921596527
loss after epoch 62 : 0.03022258234024048
loss after epoch 63 : 0.030053939342498778
loss after epoch 64 : 0.03004942786693573
loss after epoch 65 : 0.030059842824935915
loss after epoch 66 : 0.030055126547813414
loss after epoch 67 : 0.030016746759414674
loss after epoch 68 : 0.030598878026008604
loss after epoch 69 : 0.03040402925014496
loss after epoch 70 : 0.030027462720870972
loss after epoch 71 : 0.03003781723976135
loss after epoch 72 : 0.030118818402290345
loss after epoch 73 : 0.030032174944877626
loss after epoch 74 : 0.03008399760723114
loss after epoch 75 : 0.030120786786079407
loss after epoch 76 : 0.03004840350151062
loss after epoch 77 : 0.03025769853591919
loss after epoch 78 : 0.03022336745262146
loss after epoch 79 : 0.03012158954143524
loss after epoch 80 : 0.03010296332836151
loss after epoch 81 : 0.03029240572452545
loss after epoch 82 : 0.03016105794906616
loss after epoch 83 : 0.03023145842552185
loss after epoch 84 : 0.03003859543800354
loss after epoch 85 : 0.03010121512413025
loss after epoch 86 : 0.030033771991729737
loss after epoch 87 : 0.03011048972606659
loss after epoch 88 : 0.030079722881317137
loss after epoch 89 : 0.03015631628036499
loss after epoch 90 : 0.03011239171028137
loss after epoch 91 : 0.030211948156356812
loss after epoch 92 : 0.030089000344276428
loss after epoch 93 : 0.030228350162506103
loss after epoch 94 : 0.03023774969577789
loss after epoch 95 : 0.03011219274997711
loss after epoch 96 : 0.03005043923854828
loss after epoch 97 : 0.030389004945755006
loss after epoch 98 : 0.030045547485351563
loss after epoch 99 : 0.0300726318359375
loss after epoch 100 : 0.030066893577575683
loss after epoch 101 : 0.0300541729927063
loss after epoch 102 : 0.03003584313392639
loss after epoch 103 : 0.03010618841648102
loss after epoch 104 : 0.03007424247264862
loss after epoch 105 : 0.030071087837219238
loss after epoch 106 : 0.03005010235309601
loss after epoch 107 : 0.030051960587501526
loss after epoch 108 : 0.030089579582214355
loss after epoch 109 : 0.03020351040363312
loss after epoch 110 : 0.03008772611618042
loss after epoch 111 : 0.030035809636116028
loss after epoch 112 : 0.030020894169807435
loss after epoch 113 : 0.030023250699043273
loss after epoch 114 : 0.030139164805412292
loss after epoch 115 : 0.03025354313850403
loss after epoch 116 : 0.030095236778259277
loss after epoch 117 : 0.03010187840461731
loss after epoch 118 : 0.030154210329055787
loss after epoch 119 : 0.030116155743598938
loss after epoch 120 : 0.03002783286571503
loss after epoch 121 : 0.030175169944763183
loss after epoch 122 : 0.03037606167793274
loss after epoch 123 : 0.030053860425949097
loss after epoch 124 : 0.030071934938430786
loss after epoch 125 : 0.030050808668136596
loss after epoch 126 : 0.030172045588493346
loss after epoch 127 : 0.030119924902915953
loss after epoch 128 : 0.030190767526626586
loss after epoch 129 : 0.030093455314636232
loss after epoch 130 : 0.030065997362136842
loss after epoch 131 : 0.03003235960006714
loss after epoch 132 : 0.030064629197120666
loss after epoch 133 : 0.030052242040634156
loss after epoch 134 : 0.030035831689834595
loss after epoch 135 : 0.030068206667900086
loss after epoch 136 : 0.03017903971672058
loss after epoch 137 : 0.030035483598709105
loss after epoch 138 : 0.030064043641090395
loss after epoch 139 : 0.03024794900417328
loss after epoch 140 : 0.030112075924873354
loss after epoch 141 : 0.030171244025230408
loss after epoch 142 : 0.0300612074136734
loss after epoch 143 : 0.030044900178909303
loss after epoch 144 : 0.03007174253463745
loss after epoch 145 : 0.030113019347190857
loss after epoch 146 : 0.0304133563041687
loss after epoch 147 : 0.03002796018123627
loss after epoch 148 : 0.030040404200553893
loss after epoch 149 : 0.030090299844741823
average    traning loss: 0.024510726022720336
average validation loss: 0.024561146926879884
