const= 8.73347229079452
(20000,)
cumulative freq 1.0000000000013145
1.0000000000000033 1.000000000001314
kl divergence between ground truth and empirical truth 0.027816035364420476
js divergence between ground truth and empirical truth 0.007495507494178929
0 validation =============================
initial loss: 19.740347122192382
loss after epoch 0 : 0.0794024600982666
loss after epoch 1 : 0.06432006740570069
loss after epoch 2 : 0.0632997579574585
loss after epoch 3 : 0.0632667646408081
loss after epoch 4 : 0.06326456069946289
loss after epoch 5 : 0.06326595783233642
loss after epoch 6 : 0.06326510620117187
loss after epoch 7 : 0.06326463890075684
loss after epoch 8 : 0.06326640033721924
loss after epoch 9 : 0.06326776218414307
loss after epoch 10 : 0.06326712989807129
loss after epoch 11 : 0.06326505851745605
loss after epoch 12 : 0.06326502418518067
loss after epoch 13 : 0.06326496124267578
loss after epoch 14 : 0.06327765655517578
loss after epoch 15 : 0.06326432514190673
loss after epoch 16 : 0.06326671123504639
loss after epoch 17 : 0.06326599597930908
loss after epoch 18 : 0.0634011058807373
loss after epoch 19 : 0.06326376152038574
loss after epoch 20 : 0.06326359081268311
loss after epoch 21 : 0.0632635440826416
loss after epoch 22 : 0.06326327419281005
loss after epoch 23 : 0.06328161144256592
loss after epoch 24 : 0.06326699638366699
loss after epoch 25 : 0.0632688856124878
loss after epoch 26 : 0.06331791591644287
loss after epoch 27 : 0.06326719379425048
loss after epoch 28 : 0.06329804515838623
loss after epoch 29 : 0.06326752090454102
loss after epoch 30 : 0.06326236629486084
loss after epoch 31 : 0.06327834224700928
loss after epoch 32 : 0.06334940719604493
loss after epoch 33 : 0.06326229667663574
loss after epoch 34 : 0.06327044105529785
loss after epoch 35 : 0.06327027988433838
loss after epoch 36 : 0.06328341770172119
loss after epoch 37 : 0.0633454122543335
loss after epoch 38 : 0.06328905868530274
loss after epoch 39 : 0.06335390090942383
loss after epoch 40 : 0.06321662425994873
loss after epoch 41 : 0.06290255641937256
loss after epoch 42 : 0.04986194324493408
loss after epoch 43 : 0.04609511661529541
loss after epoch 44 : 0.04576182556152344
loss after epoch 45 : 0.04550851917266846
loss after epoch 46 : 0.04556510734558106
loss after epoch 47 : 0.04548458480834961
loss after epoch 48 : 0.045051995277404784
loss after epoch 49 : 0.04497713470458985
loss after epoch 50 : 0.04507437801361084
loss after epoch 51 : 0.044865565299987795
loss after epoch 52 : 0.04487341785430908
loss after epoch 53 : 0.044863958358764645
loss after epoch 54 : 0.04479056262969971
loss after epoch 55 : 0.04483338928222656
loss after epoch 56 : 0.0447663106918335
loss after epoch 57 : 0.04477229022979736
loss after epoch 58 : 0.04477986335754394
loss after epoch 59 : 0.044852438926696776
loss after epoch 60 : 0.04478481101989746
loss after epoch 61 : 0.04469223594665527
loss after epoch 62 : 0.044756187438964846
loss after epoch 63 : 0.044888014793396
loss after epoch 64 : 0.04510008907318115
loss after epoch 65 : 0.04473626708984375
loss after epoch 66 : 0.04464572334289551
loss after epoch 67 : 0.0447395601272583
loss after epoch 68 : 0.044607674598693844
loss after epoch 69 : 0.04468185234069824
loss after epoch 70 : 0.04467515659332275
loss after epoch 71 : 0.045296311378479004
loss after epoch 72 : 0.04458908271789551
loss after epoch 73 : 0.04496159362792969
loss after epoch 74 : 0.044656890869140625
loss after epoch 75 : 0.04458147430419922
loss after epoch 76 : 0.044680474281311035
loss after epoch 77 : 0.04506367111206055
loss after epoch 78 : 0.044594249725341796
loss after epoch 79 : 0.04468886566162109
loss after epoch 80 : 0.04458483123779297
loss after epoch 81 : 0.04486552715301514
loss after epoch 82 : 0.04454773712158203
loss after epoch 83 : 0.04486798286437988
loss after epoch 84 : 0.04463048076629639
loss after epoch 85 : 0.04467689228057861
loss after epoch 86 : 0.04472275352478027
loss after epoch 87 : 0.044589712142944334
loss after epoch 88 : 0.04474407577514648
loss after epoch 89 : 0.044783134460449216
loss after epoch 90 : 0.04505567932128906
loss after epoch 91 : 0.044953906059265136
loss after epoch 92 : 0.04489426612854004
loss after epoch 93 : 0.044631621360778806
loss after epoch 94 : 0.04461446952819824
loss after epoch 95 : 0.044668089866638186
loss after epoch 96 : 0.04469629192352295
loss after epoch 97 : 0.04471056079864502
loss after epoch 98 : 0.04471282768249512
loss after epoch 99 : 0.044781223297119144
loss after epoch 100 : 0.044678318977355955
loss after epoch 101 : 0.04451754474639893
loss after epoch 102 : 0.04480913162231445
loss after epoch 103 : 0.04453598976135254
loss after epoch 104 : 0.044554234504699704
loss after epoch 105 : 0.04466042900085449
loss after epoch 106 : 0.04469856071472168
loss after epoch 107 : 0.04494302272796631
loss after epoch 108 : 0.04456058883666992
loss after epoch 109 : 0.0445183048248291
loss after epoch 110 : 0.04468665504455566
loss after epoch 111 : 0.04471927452087402
loss after epoch 112 : 0.04530855941772461
loss after epoch 113 : 0.044593356132507325
loss after epoch 114 : 0.04451980018615723
loss after epoch 115 : 0.044725769996643065
loss after epoch 116 : 0.04556271171569824
loss after epoch 117 : 0.04488253021240234
loss after epoch 118 : 0.044773442268371585
loss after epoch 119 : 0.04515514087677002
loss after epoch 120 : 0.04460045528411865
loss after epoch 121 : 0.04458676528930664
loss after epoch 122 : 0.04453441333770752
loss after epoch 123 : 0.04504383373260498
loss after epoch 124 : 0.04456830501556396
loss after epoch 125 : 0.044690818786621095
loss after epoch 126 : 0.04454048919677735
loss after epoch 127 : 0.04463009738922119
loss after epoch 128 : 0.04448448944091797
loss after epoch 129 : 0.044707196235656735
loss after epoch 130 : 0.044875359535217284
loss after epoch 131 : 0.04483465576171875
loss after epoch 132 : 0.044552873611450196
loss after epoch 133 : 0.044528922080993655
loss after epoch 134 : 0.04460541152954101
loss after epoch 135 : 0.04448795413970947
loss after epoch 136 : 0.04505180835723877
loss after epoch 137 : 0.04449000263214111
loss after epoch 138 : 0.044634523391723635
loss after epoch 139 : 0.044515872955322264
loss after epoch 140 : 0.044691433906555174
loss after epoch 141 : 0.044749807357788086
loss after epoch 142 : 0.04462778472900391
loss after epoch 143 : 0.04461012363433838
loss after epoch 144 : 0.04450638580322266
loss after epoch 145 : 0.044690400123596194
loss after epoch 146 : 0.044473175048828126
loss after epoch 147 : 0.044776931762695316
loss after epoch 148 : 0.04449045181274414
loss after epoch 149 : 0.04451270294189453
1 validation =============================
initial loss: 19.29269903564453
loss after epoch 0 : 0.0805815200805664
loss after epoch 1 : 0.06424079036712646
loss after epoch 2 : 0.06318807888031006
loss after epoch 3 : 0.06315224933624268
loss after epoch 4 : 0.06314859962463379
loss after epoch 5 : 0.06314877796173096
loss after epoch 6 : 0.06315061378479003
loss after epoch 7 : 0.06315096282958985
loss after epoch 8 : 0.06314901065826416
loss after epoch 9 : 0.06315281009674072
loss after epoch 10 : 0.0631483564376831
loss after epoch 11 : 0.06314889717102051
loss after epoch 12 : 0.06316211318969726
loss after epoch 13 : 0.06316646194458007
loss after epoch 14 : 0.06314882946014404
loss after epoch 15 : 0.06314903354644776
loss after epoch 16 : 0.06314879989624024
loss after epoch 17 : 0.06315607738494873
loss after epoch 18 : 0.06314909553527832
loss after epoch 19 : 0.06314715099334717
loss after epoch 20 : 0.06317268085479737
loss after epoch 21 : 0.0631463794708252
loss after epoch 22 : 0.06314827346801757
loss after epoch 23 : 0.0631612091064453
loss after epoch 24 : 0.06316822719573975
loss after epoch 25 : 0.06314883995056152
loss after epoch 26 : 0.0631645622253418
loss after epoch 27 : 0.06314454078674317
loss after epoch 28 : 0.06314570713043213
loss after epoch 29 : 0.06314433670043945
loss after epoch 30 : 0.06328262615203857
loss after epoch 31 : 0.06314667224884034
loss after epoch 32 : 0.06313936710357666
loss after epoch 33 : 0.06313597297668457
loss after epoch 34 : 0.06312992286682129
loss after epoch 35 : 0.06311871433258057
loss after epoch 36 : 0.06309027099609375
loss after epoch 37 : 0.0629631700515747
loss after epoch 38 : 0.0622675724029541
loss after epoch 39 : 0.052926006317138674
loss after epoch 40 : 0.04867304992675781
loss after epoch 41 : 0.03738438320159912
loss after epoch 42 : 0.026111504554748536
loss after epoch 43 : 0.021102474212646483
loss after epoch 44 : 0.019721327781677248
loss after epoch 45 : 0.01789087677001953
loss after epoch 46 : 0.015268714904785156
loss after epoch 47 : 0.014496074676513673
loss after epoch 48 : 0.0147839937210083
loss after epoch 49 : 0.014720832824707031
loss after epoch 50 : 0.01373193073272705
loss after epoch 51 : 0.013753689765930176
loss after epoch 52 : 0.013787346839904785
loss after epoch 53 : 0.013694835662841796
loss after epoch 54 : 0.013717253684997559
loss after epoch 55 : 0.013599294662475586
loss after epoch 56 : 0.013396608352661132
loss after epoch 57 : 0.01389554786682129
loss after epoch 58 : 0.01287743377685547
loss after epoch 59 : 0.012483925819396972
loss after epoch 60 : 0.012531000137329102
loss after epoch 61 : 0.012556611061096191
loss after epoch 62 : 0.01248717498779297
loss after epoch 63 : 0.012234169006347656
loss after epoch 64 : 0.012773791313171386
loss after epoch 65 : 0.012219054222106934
loss after epoch 66 : 0.012392457962036132
loss after epoch 67 : 0.011940669059753418
loss after epoch 68 : 0.01197691535949707
loss after epoch 69 : 0.0118513765335083
loss after epoch 70 : 0.011959036827087403
loss after epoch 71 : 0.011950702667236328
loss after epoch 72 : 0.011987483978271485
loss after epoch 73 : 0.012334397315979004
loss after epoch 74 : 0.01201048755645752
loss after epoch 75 : 0.011877920150756836
loss after epoch 76 : 0.011892847061157227
loss after epoch 77 : 0.011800106048583985
loss after epoch 78 : 0.011778770446777343
loss after epoch 79 : 0.011916180610656739
loss after epoch 80 : 0.012000174522399902
loss after epoch 81 : 0.011914108276367187
loss after epoch 82 : 0.011758163452148437
loss after epoch 83 : 0.01209061908721924
loss after epoch 84 : 0.011868281364440918
loss after epoch 85 : 0.011885408401489259
loss after epoch 86 : 0.011776551246643067
loss after epoch 87 : 0.011794607162475585
loss after epoch 88 : 0.01199765396118164
loss after epoch 89 : 0.011970176696777343
loss after epoch 90 : 0.012970712661743164
loss after epoch 91 : 0.011799363136291504
loss after epoch 92 : 0.011818095207214356
loss after epoch 93 : 0.011687260627746582
loss after epoch 94 : 0.011653656005859376
loss after epoch 95 : 0.012214676856994629
loss after epoch 96 : 0.011838521957397461
loss after epoch 97 : 0.011644082069396973
loss after epoch 98 : 0.011785847663879395
loss after epoch 99 : 0.01192183780670166
loss after epoch 100 : 0.011653491020202637
loss after epoch 101 : 0.012253836631774902
loss after epoch 102 : 0.01250831699371338
loss after epoch 103 : 0.011670168876647949
loss after epoch 104 : 0.012649724960327149
loss after epoch 105 : 0.011807075500488281
loss after epoch 106 : 0.011536089897155762
loss after epoch 107 : 0.011637371063232422
loss after epoch 108 : 0.011588895797729492
loss after epoch 109 : 0.011788790702819824
loss after epoch 110 : 0.011644016265869141
loss after epoch 111 : 0.012027210235595703
loss after epoch 112 : 0.011507861137390137
loss after epoch 113 : 0.012976091384887695
loss after epoch 114 : 0.011489731788635254
loss after epoch 115 : 0.011768749237060547
loss after epoch 116 : 0.011604683876037598
loss after epoch 117 : 0.011499974250793457
loss after epoch 118 : 0.01208149528503418
loss after epoch 119 : 0.011559664726257324
loss after epoch 120 : 0.01334622859954834
loss after epoch 121 : 0.011668709754943848
loss after epoch 122 : 0.011512967109680175
loss after epoch 123 : 0.011528421401977539
loss after epoch 124 : 0.011621339797973633
loss after epoch 125 : 0.011708912849426269
loss after epoch 126 : 0.011690986633300782
loss after epoch 127 : 0.011745050430297851
loss after epoch 128 : 0.011515955924987793
loss after epoch 129 : 0.01157379150390625
loss after epoch 130 : 0.011472051620483398
loss after epoch 131 : 0.011831595420837402
loss after epoch 132 : 0.01158043384552002
loss after epoch 133 : 0.011517530441284179
loss after epoch 134 : 0.011460124015808105
loss after epoch 135 : 0.012188984870910644
loss after epoch 136 : 0.011552524566650391
loss after epoch 137 : 0.011580513000488282
loss after epoch 138 : 0.011817434310913085
loss after epoch 139 : 0.011929929733276367
loss after epoch 140 : 0.011587381362915039
loss after epoch 141 : 0.011644146919250488
loss after epoch 142 : 0.0117731351852417
loss after epoch 143 : 0.011556056022644043
loss after epoch 144 : 0.011647711753845215
loss after epoch 145 : 0.01203324317932129
loss after epoch 146 : 0.01173361873626709
loss after epoch 147 : 0.01150102138519287
loss after epoch 148 : 0.008732709884643555
loss after epoch 149 : 0.008671242713928223
2 validation =============================
initial loss: 21.796235946655273
loss after epoch 0 : 0.082823561668396
loss after epoch 1 : 0.06481973457336426
loss after epoch 2 : 0.06344707870483399
loss after epoch 3 : 0.06335972404479981
loss after epoch 4 : 0.06335655117034912
loss after epoch 5 : 0.06335650539398194
loss after epoch 6 : 0.06335674285888672
loss after epoch 7 : 0.0633565731048584
loss after epoch 8 : 0.06335801982879638
loss after epoch 9 : 0.06336686706542968
loss after epoch 10 : 0.06335647678375245
loss after epoch 11 : 0.06335819625854493
loss after epoch 12 : 0.0633569097518921
loss after epoch 13 : 0.06336129379272461
loss after epoch 14 : 0.06335923862457275
loss after epoch 15 : 0.0633718900680542
loss after epoch 16 : 0.06335610580444336
loss after epoch 17 : 0.06335660171508789
loss after epoch 18 : 0.06336184692382812
loss after epoch 19 : 0.06339746856689453
loss after epoch 20 : 0.06336218643188476
loss after epoch 21 : 0.06335807704925538
loss after epoch 22 : 0.06335531997680664
loss after epoch 23 : 0.06337313270568848
loss after epoch 24 : 0.06336795902252197
loss after epoch 25 : 0.063356201171875
loss after epoch 26 : 0.06339158248901368
loss after epoch 27 : 0.06335941791534423
loss after epoch 28 : 0.0633686580657959
loss after epoch 29 : 0.06339359760284424
loss after epoch 30 : 0.06336295700073243
loss after epoch 31 : 0.06336668872833252
loss after epoch 32 : 0.06333855152130127
loss after epoch 33 : 0.06333521842956542
loss after epoch 34 : 0.06324640560150147
loss after epoch 35 : 0.06261328983306885
loss after epoch 36 : 0.04626940536499023
loss after epoch 37 : 0.018643630027770995
loss after epoch 38 : 0.014749833106994629
loss after epoch 39 : 0.014062389373779297
loss after epoch 40 : 0.013170991897583008
loss after epoch 41 : 0.012841747283935548
loss after epoch 42 : 0.012498272895812988
loss after epoch 43 : 0.013261404037475586
loss after epoch 44 : 0.012254374504089355
loss after epoch 45 : 0.01216953468322754
loss after epoch 46 : 0.012608296394348144
loss after epoch 47 : 0.012044942855834961
loss after epoch 48 : 0.012385429382324219
loss after epoch 49 : 0.012243042945861817
loss after epoch 50 : 0.011967764854431153
loss after epoch 51 : 0.012042442321777343
loss after epoch 52 : 0.012716815948486329
loss after epoch 53 : 0.012027117729187011
loss after epoch 54 : 0.012470542907714844
loss after epoch 55 : 0.0120289306640625
loss after epoch 56 : 0.01204619312286377
loss after epoch 57 : 0.011904229164123535
loss after epoch 58 : 0.01191220760345459
loss after epoch 59 : 0.01199949073791504
loss after epoch 60 : 0.011881515502929688
loss after epoch 61 : 0.011952425956726074
loss after epoch 62 : 0.011982728004455566
loss after epoch 63 : 0.011814305305480957
loss after epoch 64 : 0.011999918937683105
loss after epoch 65 : 0.011783364295959473
loss after epoch 66 : 0.011889761924743652
loss after epoch 67 : 0.011856660842895508
loss after epoch 68 : 0.011846879959106445
loss after epoch 69 : 0.011745830535888672
loss after epoch 70 : 0.011758208274841309
loss after epoch 71 : 0.011761688232421874
loss after epoch 72 : 0.01224844455718994
loss after epoch 73 : 0.011808051109313964
loss after epoch 74 : 0.012273056030273437
loss after epoch 75 : 0.011840614318847656
loss after epoch 76 : 0.01196446704864502
loss after epoch 77 : 0.012416302680969238
loss after epoch 78 : 0.014000493049621582
loss after epoch 79 : 0.012329423904418945
loss after epoch 80 : 0.012605368614196777
loss after epoch 81 : 0.011796628952026367
loss after epoch 82 : 0.011761603355407714
loss after epoch 83 : 0.011875124931335449
loss after epoch 84 : 0.01172750759124756
loss after epoch 85 : 0.012003273963928222
loss after epoch 86 : 0.011777896881103516
loss after epoch 87 : 0.01215500259399414
loss after epoch 88 : 0.011948274612426759
loss after epoch 89 : 0.011754809379577636
loss after epoch 90 : 0.012224956512451172
loss after epoch 91 : 0.011923197746276856
loss after epoch 92 : 0.012105896949768066
loss after epoch 93 : 0.011746532440185547
loss after epoch 94 : 0.01207505989074707
loss after epoch 95 : 0.011814364433288574
loss after epoch 96 : 0.011780075073242188
loss after epoch 97 : 0.012790924072265624
loss after epoch 98 : 0.011697702407836914
loss after epoch 99 : 0.011930337905883789
loss after epoch 100 : 0.011870430946350099
loss after epoch 101 : 0.01170467472076416
loss after epoch 102 : 0.011807689666748047
loss after epoch 103 : 0.011748022079467773
loss after epoch 104 : 0.011672391891479492
loss after epoch 105 : 0.011737345695495605
loss after epoch 106 : 0.011980780601501465
loss after epoch 107 : 0.012127928733825684
loss after epoch 108 : 0.011974903106689453
loss after epoch 109 : 0.012150897979736328
loss after epoch 110 : 0.012006741523742676
loss after epoch 111 : 0.01184675407409668
loss after epoch 112 : 0.011729147911071778
loss after epoch 113 : 0.01213576889038086
loss after epoch 114 : 0.012050013542175293
loss after epoch 115 : 0.012089155197143554
loss after epoch 116 : 0.011838419914245606
loss after epoch 117 : 0.01166202163696289
loss after epoch 118 : 0.011886576652526855
loss after epoch 119 : 0.011642431259155274
loss after epoch 120 : 0.011681636810302735
loss after epoch 121 : 0.011650578498840332
loss after epoch 122 : 0.011858296394348145
loss after epoch 123 : 0.011887581825256347
loss after epoch 124 : 0.012303296089172364
loss after epoch 125 : 0.012099102973937988
loss after epoch 126 : 0.011922240257263184
loss after epoch 127 : 0.011661844253540039
loss after epoch 128 : 0.011638017654418945
loss after epoch 129 : 0.011734276771545411
loss after epoch 130 : 0.011672441482543944
loss after epoch 131 : 0.011801977157592774
loss after epoch 132 : 0.011934691429138184
loss after epoch 133 : 0.011799057960510255
loss after epoch 134 : 0.011727429389953614
loss after epoch 135 : 0.01181863021850586
loss after epoch 136 : 0.011644294738769531
loss after epoch 137 : 0.011676517486572266
loss after epoch 138 : 0.011715506553649902
loss after epoch 139 : 0.012147420883178712
loss after epoch 140 : 0.011896484375
loss after epoch 141 : 0.011670059204101562
loss after epoch 142 : 0.011778790473937989
loss after epoch 143 : 0.01167386817932129
loss after epoch 144 : 0.012927875518798829
loss after epoch 145 : 0.011879640579223633
loss after epoch 146 : 0.01173271083831787
loss after epoch 147 : 0.011644096374511718
loss after epoch 148 : 0.011644234657287597
loss after epoch 149 : 0.011673089027404784
3 validation =============================
initial loss: 20.533510299682618
loss after epoch 0 : 0.08318606853485107
loss after epoch 1 : 0.06459674072265625
loss after epoch 2 : 0.0631935214996338
loss after epoch 3 : 0.06312427997589111
loss after epoch 4 : 0.06312376880645752
loss after epoch 5 : 0.06312321186065674
loss after epoch 6 : 0.06312578582763671
loss after epoch 7 : 0.0631229429244995
loss after epoch 8 : 0.06312308979034424
loss after epoch 9 : 0.06312808990478516
loss after epoch 10 : 0.0631230525970459
loss after epoch 11 : 0.06312496280670166
loss after epoch 12 : 0.06312320137023926
loss after epoch 13 : 0.0631234483718872
loss after epoch 14 : 0.06312568187713623
loss after epoch 15 : 0.0631236686706543
loss after epoch 16 : 0.06312292575836181
loss after epoch 17 : 0.0631301326751709
loss after epoch 18 : 0.06312890815734863
loss after epoch 19 : 0.06313776683807373
loss after epoch 20 : 0.06312484455108643
loss after epoch 21 : 0.06313945007324219
loss after epoch 22 : 0.06313103866577148
loss after epoch 23 : 0.06315406799316406
loss after epoch 24 : 0.06312430477142333
loss after epoch 25 : 0.06315158939361572
loss after epoch 26 : 0.06312490463256835
loss after epoch 27 : 0.06312399101257324
loss after epoch 28 : 0.0631763858795166
loss after epoch 29 : 0.06321442127227783
loss after epoch 30 : 0.06311951160430908
loss after epoch 31 : 0.06311761951446533
loss after epoch 32 : 0.06316068267822265
loss after epoch 33 : 0.06311507034301758
loss after epoch 34 : 0.06317848682403565
loss after epoch 35 : 0.06314910793304443
loss after epoch 36 : 0.063125244140625
loss after epoch 37 : 0.06314772129058838
loss after epoch 38 : 0.06313897705078125
loss after epoch 39 : 0.06267454147338868
loss after epoch 40 : 0.04865232753753662
loss after epoch 41 : 0.038124873161315916
loss after epoch 42 : 0.030600628852844237
loss after epoch 43 : 0.024755228996276857
loss after epoch 44 : 0.021814093589782715
loss after epoch 45 : 0.02034337615966797
loss after epoch 46 : 0.019689837455749513
loss after epoch 47 : 0.016056684494018553
loss after epoch 48 : 0.016546957969665526
loss after epoch 49 : 0.015900021553039552
loss after epoch 50 : 0.01618751907348633
loss after epoch 51 : 0.01609878921508789
loss after epoch 52 : 0.014901748657226562
loss after epoch 53 : 0.014768489837646484
loss after epoch 54 : 0.015151636123657226
loss after epoch 55 : 0.01492612361907959
loss after epoch 56 : 0.011727456092834473
loss after epoch 57 : 0.011206573486328125
loss after epoch 58 : 0.011439788818359374
loss after epoch 59 : 0.00928452491760254
loss after epoch 60 : 0.009274236679077149
loss after epoch 61 : 0.009236345291137696
loss after epoch 62 : 0.004601842880249023
loss after epoch 63 : 0.004428940773010254
loss after epoch 64 : 0.0043152132034301755
loss after epoch 65 : 0.0042944402694702144
loss after epoch 66 : 0.004102693557739258
loss after epoch 67 : 0.00390874195098877
loss after epoch 68 : 0.003909986495971679
loss after epoch 69 : 0.004058683395385742
loss after epoch 70 : 0.0040740127563476565
loss after epoch 71 : 0.003755618095397949
loss after epoch 72 : 0.0036962356567382814
loss after epoch 73 : 0.0036628570556640626
loss after epoch 74 : 0.004267579078674317
loss after epoch 75 : 0.0036208744049072267
loss after epoch 76 : 0.003721451759338379
loss after epoch 77 : 0.0037751684188842773
loss after epoch 78 : 0.003759976387023926
loss after epoch 79 : 0.003545912742614746
loss after epoch 80 : 0.003838815689086914
loss after epoch 81 : 0.003741379737854004
loss after epoch 82 : 0.003524497985839844
loss after epoch 83 : 0.0035856990814208986
loss after epoch 84 : 0.003474082946777344
loss after epoch 85 : 0.004466920852661133
loss after epoch 86 : 0.0037972116470336914
loss after epoch 87 : 0.0034786386489868166
loss after epoch 88 : 0.0037726869583129883
loss after epoch 89 : 0.0033747262954711916
loss after epoch 90 : 0.0036707954406738283
loss after epoch 91 : 0.003451051712036133
loss after epoch 92 : 0.003414531707763672
loss after epoch 93 : 0.003486855506896973
loss after epoch 94 : 0.003520644187927246
loss after epoch 95 : 0.0035114145278930665
loss after epoch 96 : 0.0035280799865722657
loss after epoch 97 : 0.003431014060974121
loss after epoch 98 : 0.0033574371337890623
loss after epoch 99 : 0.0035133352279663084
loss after epoch 100 : 0.003339200019836426
loss after epoch 101 : 0.003357131004333496
loss after epoch 102 : 0.0036867599487304687
loss after epoch 103 : 0.003335007667541504
loss after epoch 104 : 0.0035320348739624023
loss after epoch 105 : 0.0034612207412719727
loss after epoch 106 : 0.003358497619628906
loss after epoch 107 : 0.003476759910583496
loss after epoch 108 : 0.0033584651947021486
loss after epoch 109 : 0.003368913650512695
loss after epoch 110 : 0.003331014633178711
loss after epoch 111 : 0.003370968818664551
loss after epoch 112 : 0.0036271495819091798
loss after epoch 113 : 0.003611482620239258
loss after epoch 114 : 0.0035024909973144533
loss after epoch 115 : 0.0037073841094970705
loss after epoch 116 : 0.0032878541946411133
loss after epoch 117 : 0.003414865493774414
loss after epoch 118 : 0.003316082000732422
loss after epoch 119 : 0.003334507942199707
loss after epoch 120 : 0.0034558372497558595
loss after epoch 121 : 0.0008807125091552735
loss after epoch 122 : 0.00042408275604248046
loss after epoch 123 : 0.00045673656463623047
loss after epoch 124 : 0.0003237466812133789
loss after epoch 125 : 0.0002983694076538086
loss after epoch 126 : 0.0002808074951171875
loss after epoch 127 : 0.0002655200958251953
loss after epoch 128 : 0.000298792839050293
loss after epoch 129 : 0.00024979114532470704
loss after epoch 130 : 0.00024540233612060545
loss after epoch 131 : 0.00024899005889892576
loss after epoch 132 : 0.00032744789123535155
loss after epoch 133 : 0.00021738433837890624
loss after epoch 134 : 0.00024423694610595703
loss after epoch 135 : 0.0002089071273803711
loss after epoch 136 : 0.00021181869506835938
loss after epoch 137 : 0.00021277523040771483
loss after epoch 138 : 0.00025750064849853517
loss after epoch 139 : 0.0001895427703857422
loss after epoch 140 : 0.00021191596984863282
loss after epoch 141 : 0.0002761688232421875
loss after epoch 142 : 0.0002245197296142578
loss after epoch 143 : 0.00023276615142822266
loss after epoch 144 : 0.00015676021575927734
loss after epoch 145 : 0.00014830398559570313
loss after epoch 146 : 0.0001505565643310547
loss after epoch 147 : 0.00015258979797363282
loss after epoch 148 : 0.0001856222152709961
loss after epoch 149 : 0.00014392185211181642
4 validation =============================
initial loss: 20.780114547729493
loss after epoch 0 : 0.08423071575164795
loss after epoch 1 : 0.0644686689376831
loss after epoch 2 : 0.06302315902709961
loss after epoch 3 : 0.06292869758605957
loss after epoch 4 : 0.06292897129058837
loss after epoch 5 : 0.06292650699615479
loss after epoch 6 : 0.0629262294769287
loss after epoch 7 : 0.06292624950408936
loss after epoch 8 : 0.06292653656005859
loss after epoch 9 : 0.06292755508422851
loss after epoch 10 : 0.0629271354675293
loss after epoch 11 : 0.06292742919921875
loss after epoch 12 : 0.06293653583526611
loss after epoch 13 : 0.06294259071350097
loss after epoch 14 : 0.06293086051940917
loss after epoch 15 : 0.06292755222320556
loss after epoch 16 : 0.06294025897979737
loss after epoch 17 : 0.06293667316436767
loss after epoch 18 : 0.06292709064483643
loss after epoch 19 : 0.06294127178192138
loss after epoch 20 : 0.0629523000717163
loss after epoch 21 : 0.06294943904876708
loss after epoch 22 : 0.06293045997619628
loss after epoch 23 : 0.06292844867706299
loss after epoch 24 : 0.06294999790191651
loss after epoch 25 : 0.06295314979553222
loss after epoch 26 : 0.06292680072784423
loss after epoch 27 : 0.0629427661895752
loss after epoch 28 : 0.06292584037780762
loss after epoch 29 : 0.06298861312866211
loss after epoch 30 : 0.06292879390716553
loss after epoch 31 : 0.06296500205993652
loss after epoch 32 : 0.06293031311035156
loss after epoch 33 : 0.0629421796798706
loss after epoch 34 : 0.06292671298980713
loss after epoch 35 : 0.06299687480926514
loss after epoch 36 : 0.0629819164276123
loss after epoch 37 : 0.06293281841278076
loss after epoch 38 : 0.0629998083114624
loss after epoch 39 : 0.0629778881072998
loss after epoch 40 : 0.06293184185028076
loss after epoch 41 : 0.0630663833618164
loss after epoch 42 : 0.06292825603485107
loss after epoch 43 : 0.06295516872406005
loss after epoch 44 : 0.06292502593994141
loss after epoch 45 : 0.06290074062347412
loss after epoch 46 : 0.06305256652832031
loss after epoch 47 : 0.054024565696716306
loss after epoch 48 : 0.03371699619293213
loss after epoch 49 : 0.02881904411315918
loss after epoch 50 : 0.02678096866607666
loss after epoch 51 : 0.025808889389038085
loss after epoch 52 : 0.025373628616333008
loss after epoch 53 : 0.025317287445068358
loss after epoch 54 : 0.017860544204711913
loss after epoch 55 : 0.017118070602416994
loss after epoch 56 : 0.014370137214660645
loss after epoch 57 : 0.014071565628051758
loss after epoch 58 : 0.014116949081420898
loss after epoch 59 : 0.014463977813720703
loss after epoch 60 : 0.01433172035217285
loss after epoch 61 : 0.014214183807373047
loss after epoch 62 : 0.014270503044128418
loss after epoch 63 : 0.014593799591064454
loss after epoch 64 : 0.013994205474853515
loss after epoch 65 : 0.013901257514953613
loss after epoch 66 : 0.014996559143066406
loss after epoch 67 : 0.014208090782165528
loss after epoch 68 : 0.013998251914978027
loss after epoch 69 : 0.01397204303741455
loss after epoch 70 : 0.016283587455749513
loss after epoch 71 : 0.013896018981933593
loss after epoch 72 : 0.013839883804321289
loss after epoch 73 : 0.01415636157989502
loss after epoch 74 : 0.014073298454284669
loss after epoch 75 : 0.01533475399017334
loss after epoch 76 : 0.013868113517761231
loss after epoch 77 : 0.014517901420593261
loss after epoch 78 : 0.01387838077545166
loss after epoch 79 : 0.013920870780944825
loss after epoch 80 : 0.01452226161956787
loss after epoch 81 : 0.014189576148986817
loss after epoch 82 : 0.014301924705505372
loss after epoch 83 : 0.01425657558441162
loss after epoch 84 : 0.015006322860717774
loss after epoch 85 : 0.014029452323913574
loss after epoch 86 : 0.013966570854187012
loss after epoch 87 : 0.01403121566772461
loss after epoch 88 : 0.014005943298339844
loss after epoch 89 : 0.013802431106567382
loss after epoch 90 : 0.013888755798339843
loss after epoch 91 : 0.014665459632873535
loss after epoch 92 : 0.013754252433776856
loss after epoch 93 : 0.013756851196289062
loss after epoch 94 : 0.013752653121948242
loss after epoch 95 : 0.01378639030456543
loss after epoch 96 : 0.014200263977050782
loss after epoch 97 : 0.014119937896728515
loss after epoch 98 : 0.013787906646728515
loss after epoch 99 : 0.01409833812713623
loss after epoch 100 : 0.015550538063049317
loss after epoch 101 : 0.013976661682128907
loss after epoch 102 : 0.014375078201293945
loss after epoch 103 : 0.013843029022216798
loss after epoch 104 : 0.014648019790649414
loss after epoch 105 : 0.013713777542114258
loss after epoch 106 : 0.013798640251159669
loss after epoch 107 : 0.013868154525756836
loss after epoch 108 : 0.013734801292419434
loss after epoch 109 : 0.01381230068206787
loss after epoch 110 : 0.014037222862243652
loss after epoch 111 : 0.013680360794067382
loss after epoch 112 : 0.01373127841949463
loss after epoch 113 : 0.013767642974853516
loss after epoch 114 : 0.013907223701477052
loss after epoch 115 : 0.014091938972473144
loss after epoch 116 : 0.014117410659790039
loss after epoch 117 : 0.014723522186279297
loss after epoch 118 : 0.01478977108001709
loss after epoch 119 : 0.013859848022460937
loss after epoch 120 : 0.01373266315460205
loss after epoch 121 : 0.01372595500946045
loss after epoch 122 : 0.014172602653503417
loss after epoch 123 : 0.01461645793914795
loss after epoch 124 : 0.013965115547180176
loss after epoch 125 : 0.01371731662750244
loss after epoch 126 : 0.013812457084655762
loss after epoch 127 : 0.013980865478515625
loss after epoch 128 : 0.014028325080871581
loss after epoch 129 : 0.014074479103088379
loss after epoch 130 : 0.01363546085357666
loss after epoch 131 : 0.014538713455200195
loss after epoch 132 : 0.014032033920288086
loss after epoch 133 : 0.013643230438232422
loss after epoch 134 : 0.01425989818572998
loss after epoch 135 : 0.013663826942443847
loss after epoch 136 : 0.013850068092346192
loss after epoch 137 : 0.013977444648742676
loss after epoch 138 : 0.014233242988586426
loss after epoch 139 : 0.013868106842041015
loss after epoch 140 : 0.013995735168457032
loss after epoch 141 : 0.013813349723815918
loss after epoch 142 : 0.013632755279541015
loss after epoch 143 : 0.013681363105773926
loss after epoch 144 : 0.01404403018951416
loss after epoch 145 : 0.013747830390930176
loss after epoch 146 : 0.01372367000579834
loss after epoch 147 : 0.014034703254699707
loss after epoch 148 : 0.013621002197265626
loss after epoch 149 : 0.013684115409851073
average    traning loss: 0.015737018585205077
average validation loss: 0.015592847331877676
relative l2 loss = 0.12785949106038516
cumulative dist  = 1.2605689764022827
kl divergence & its square = 0.5151881726522863 0.265418853240802
js divergence & its square = 0.052468006667875086 0.0027528917237001843
kl divergence & its square(batch) = 0.06439852158153582 0.004147169581887535
js divergence & its square(batch) = 0.006558500833484388 4.3013933182815414e-05
0 validation =============================
initial loss: 0.014518526077270508
loss after epoch 0 : 0.014340851783752441
loss after epoch 1 : 0.015026742935180665
loss after epoch 2 : 0.014197540283203126
loss after epoch 3 : 0.014850251197814942
loss after epoch 4 : 0.014283177375793456
loss after epoch 5 : 0.014143788337707519
loss after epoch 6 : 0.01412771987915039
loss after epoch 7 : 0.01441226863861084
loss after epoch 8 : 0.014253097534179688
loss after epoch 9 : 0.014179426193237305
loss after epoch 10 : 0.014233035087585449
loss after epoch 11 : 0.014248859405517579
loss after epoch 12 : 0.014145562171936035
loss after epoch 13 : 0.014939543724060058
loss after epoch 14 : 0.014128689765930175
loss after epoch 15 : 0.014748835563659668
loss after epoch 16 : 0.014231123924255372
loss after epoch 17 : 0.014549331665039062
loss after epoch 18 : 0.015967470169067383
loss after epoch 19 : 0.014331890106201171
loss after epoch 20 : 0.01448911952972412
loss after epoch 21 : 0.01428933048248291
loss after epoch 22 : 0.014230700492858886
loss after epoch 23 : 0.014196895599365234
loss after epoch 24 : 0.014204869270324707
loss after epoch 25 : 0.014119359016418457
loss after epoch 26 : 0.014388939857482911
loss after epoch 27 : 0.014123000144958497
loss after epoch 28 : 0.01445609951019287
loss after epoch 29 : 0.014111217498779296
loss after epoch 30 : 0.014306290626525879
loss after epoch 31 : 0.014100831985473633
loss after epoch 32 : 0.014423338890075684
loss after epoch 33 : 0.014085641860961914
loss after epoch 34 : 0.01415835666656494
loss after epoch 35 : 0.014169771194458008
loss after epoch 36 : 0.01413018798828125
loss after epoch 37 : 0.014097955703735352
loss after epoch 38 : 0.01475484561920166
loss after epoch 39 : 0.014353467941284179
loss after epoch 40 : 0.01514707374572754
loss after epoch 41 : 0.014104986190795898
loss after epoch 42 : 0.014268365859985352
loss after epoch 43 : 0.015541394233703614
loss after epoch 44 : 0.01424280834197998
loss after epoch 45 : 0.014184633255004882
loss after epoch 46 : 0.01409126377105713
loss after epoch 47 : 0.014081293106079102
loss after epoch 48 : 0.014224971771240234
loss after epoch 49 : 0.01411485481262207
loss after epoch 50 : 0.014077871322631837
loss after epoch 51 : 0.014381969451904297
loss after epoch 52 : 0.01510049057006836
loss after epoch 53 : 0.014527740478515625
loss after epoch 54 : 0.014954151153564453
loss after epoch 55 : 0.014131750106811523
loss after epoch 56 : 0.014232218742370606
loss after epoch 57 : 0.014306998252868653
loss after epoch 58 : 0.014307096481323242
loss after epoch 59 : 0.014161623001098633
loss after epoch 60 : 0.014079825401306152
loss after epoch 61 : 0.014235967636108399
loss after epoch 62 : 0.014121973037719726
loss after epoch 63 : 0.014061230659484864
loss after epoch 64 : 0.014051095008850097
loss after epoch 65 : 0.014071873664855957
loss after epoch 66 : 0.01428507137298584
loss after epoch 67 : 0.014221797943115235
loss after epoch 68 : 0.014069264411926269
loss after epoch 69 : 0.014165014266967773
loss after epoch 70 : 0.014061349868774414
loss after epoch 71 : 0.014049953460693359
loss after epoch 72 : 0.014309249877929687
loss after epoch 73 : 0.014071887016296386
loss after epoch 74 : 0.014432445526123047
loss after epoch 75 : 0.014037627220153809
loss after epoch 76 : 0.014142480850219727
loss after epoch 77 : 0.014110086441040039
loss after epoch 78 : 0.01413662338256836
loss after epoch 79 : 0.014081110954284668
loss after epoch 80 : 0.014115942955017089
loss after epoch 81 : 0.014429031372070312
loss after epoch 82 : 0.014214829444885254
loss after epoch 83 : 0.014048901557922364
loss after epoch 84 : 0.014105379104614258
loss after epoch 85 : 0.014356700897216797
loss after epoch 86 : 0.014254644393920898
loss after epoch 87 : 0.014548784255981445
loss after epoch 88 : 0.014148939132690429
loss after epoch 89 : 0.014480796813964844
loss after epoch 90 : 0.014158479690551758
loss after epoch 91 : 0.014286840438842773
loss after epoch 92 : 0.014868437767028808
loss after epoch 93 : 0.014235437393188477
loss after epoch 94 : 0.014123473167419433
loss after epoch 95 : 0.014200065612792969
loss after epoch 96 : 0.014932602882385253
loss after epoch 97 : 0.01440573024749756
loss after epoch 98 : 0.014746316909790039
loss after epoch 99 : 0.014173920631408692
loss after epoch 100 : 0.014280661582946778
loss after epoch 101 : 0.014124719619750977
loss after epoch 102 : 0.014224055290222169
loss after epoch 103 : 0.014324243545532227
loss after epoch 104 : 0.014263438224792481
loss after epoch 105 : 0.014094521522521972
loss after epoch 106 : 0.014235353469848633
loss after epoch 107 : 0.01425864028930664
loss after epoch 108 : 0.014415678977966308
loss after epoch 109 : 0.014022500038146972
loss after epoch 110 : 0.01416950225830078
loss after epoch 111 : 0.01410623836517334
loss after epoch 112 : 0.014375642776489258
loss after epoch 113 : 0.01418327236175537
loss after epoch 114 : 0.014310372352600098
loss after epoch 115 : 0.014050261497497558
loss after epoch 116 : 0.014040436744689942
loss after epoch 117 : 0.014346587181091308
loss after epoch 118 : 0.014719295501708984
loss after epoch 119 : 0.014455804824829102
loss after epoch 120 : 0.014031453132629395
loss after epoch 121 : 0.01512399959564209
loss after epoch 122 : 0.014674760818481446
loss after epoch 123 : 0.014052329063415527
loss after epoch 124 : 0.014212076187133788
loss after epoch 125 : 0.01407038116455078
loss after epoch 126 : 0.014201937675476074
loss after epoch 127 : 0.014097919464111328
loss after epoch 128 : 0.014171623229980468
loss after epoch 129 : 0.014369956016540527
loss after epoch 130 : 0.014607746124267578
loss after epoch 131 : 0.014760322570800781
loss after epoch 132 : 0.014041833877563477
loss after epoch 133 : 0.014046969413757325
loss after epoch 134 : 0.014192889213562012
loss after epoch 135 : 0.014457551956176758
loss after epoch 136 : 0.014453047752380372
loss after epoch 137 : 0.014257863044738769
loss after epoch 138 : 0.014172232627868653
loss after epoch 139 : 0.014100582122802734
loss after epoch 140 : 0.01401191520690918
loss after epoch 141 : 0.01416790008544922
loss after epoch 142 : 0.014124284744262696
loss after epoch 143 : 0.014085064888000489
loss after epoch 144 : 0.014041077613830567
loss after epoch 145 : 0.014056528091430664
loss after epoch 146 : 0.014123119354248048
loss after epoch 147 : 0.014046114921569824
loss after epoch 148 : 0.015112296104431152
loss after epoch 149 : 0.014075042724609375
1 validation =============================
initial loss: 0.014268126487731934
loss after epoch 0 : 0.014328001976013183
loss after epoch 1 : 0.014274324417114258
loss after epoch 2 : 0.014191229820251465
loss after epoch 3 : 0.01432687473297119
loss after epoch 4 : 0.014294662475585938
loss after epoch 5 : 0.014253972053527832
loss after epoch 6 : 0.014377928733825684
loss after epoch 7 : 0.014305301666259766
loss after epoch 8 : 0.014295977592468262
loss after epoch 9 : 0.01435662841796875
loss after epoch 10 : 0.014274025917053223
loss after epoch 11 : 0.014323115348815918
loss after epoch 12 : 0.014243267059326171
loss after epoch 13 : 0.014964046478271485
loss after epoch 14 : 0.014423707008361816
loss after epoch 15 : 0.014395380973815918
loss after epoch 16 : 0.014372425079345703
loss after epoch 17 : 0.01434492301940918
loss after epoch 18 : 0.014552925109863281
loss after epoch 19 : 0.014697903633117676
loss after epoch 20 : 0.01438766098022461
loss after epoch 21 : 0.014464473724365235
loss after epoch 22 : 0.014326041221618652
loss after epoch 23 : 0.014364591598510742
loss after epoch 24 : 0.014347082138061523
loss after epoch 25 : 0.014231875419616699
loss after epoch 26 : 0.014346532821655274
loss after epoch 27 : 0.015284825325012207
loss after epoch 28 : 0.014428458213806152
loss after epoch 29 : 0.01430874538421631
loss after epoch 30 : 0.014511399269104004
loss after epoch 31 : 0.014419122695922852
loss after epoch 32 : 0.014482782363891602
loss after epoch 33 : 0.014218812942504882
loss after epoch 34 : 0.014208285331726075
loss after epoch 35 : 0.014185399055480956
loss after epoch 36 : 0.014314868927001952
loss after epoch 37 : 0.01436626434326172
loss after epoch 38 : 0.015249514579772949
loss after epoch 39 : 0.014794103622436524
loss after epoch 40 : 0.014182806015014648
loss after epoch 41 : 0.014556565284729005
loss after epoch 42 : 0.014492328643798829
loss after epoch 43 : 0.01416384506225586
loss after epoch 44 : 0.014211724281311035
loss after epoch 45 : 0.01428725814819336
loss after epoch 46 : 0.015363250732421875
loss after epoch 47 : 0.014283573150634766
loss after epoch 48 : 0.014191790580749512
loss after epoch 49 : 0.014639626502990723
loss after epoch 50 : 0.014273131370544433
loss after epoch 51 : 0.014294737815856934
loss after epoch 52 : 0.014192268371582032
loss after epoch 53 : 0.014325281143188477
loss after epoch 54 : 0.014660958290100098
loss after epoch 55 : 0.014253647804260253
loss after epoch 56 : 0.014193107604980468
loss after epoch 57 : 0.014213313102722168
loss after epoch 58 : 0.014300726890563964
loss after epoch 59 : 0.014333715438842773
loss after epoch 60 : 0.014206018447875977
loss after epoch 61 : 0.014359819412231445
loss after epoch 62 : 0.014232094764709474
loss after epoch 63 : 0.014262394905090332
loss after epoch 64 : 0.014246712684631348
loss after epoch 65 : 0.014240586280822753
loss after epoch 66 : 0.014494868278503418
loss after epoch 67 : 0.015214418411254883
loss after epoch 68 : 0.01431387996673584
loss after epoch 69 : 0.014317376136779785
loss after epoch 70 : 0.014893696784973145
loss after epoch 71 : 0.014221778869628906
loss after epoch 72 : 0.01443442440032959
loss after epoch 73 : 0.014211596488952637
loss after epoch 74 : 0.01421359634399414
loss after epoch 75 : 0.01452565860748291
loss after epoch 76 : 0.014319677352905274
loss after epoch 77 : 0.014240570068359375
loss after epoch 78 : 0.014279744148254395
loss after epoch 79 : 0.01421038818359375
loss after epoch 80 : 0.014379634857177734
loss after epoch 81 : 0.014360939979553223
loss after epoch 82 : 0.014188461303710938
loss after epoch 83 : 0.014307600975036621
loss after epoch 84 : 0.014304495811462403
loss after epoch 85 : 0.014259541511535644
loss after epoch 86 : 0.014290776252746582
loss after epoch 87 : 0.014898536682128906
loss after epoch 88 : 0.0144609956741333
loss after epoch 89 : 0.014264286994934082
loss after epoch 90 : 0.016026323318481445
loss after epoch 91 : 0.014294856071472168
loss after epoch 92 : 0.014261554718017579
loss after epoch 93 : 0.014212248802185058
loss after epoch 94 : 0.014532962799072265
loss after epoch 95 : 0.014558305740356445
loss after epoch 96 : 0.014238071441650391
loss after epoch 97 : 0.014190110206604004
loss after epoch 98 : 0.014590889930725097
loss after epoch 99 : 0.014215978622436523
loss after epoch 100 : 0.014305244445800782
loss after epoch 101 : 0.014185096740722656
loss after epoch 102 : 0.014202197074890137
loss after epoch 103 : 0.014394678115844727
loss after epoch 104 : 0.014610355377197265
loss after epoch 105 : 0.014343447685241699
loss after epoch 106 : 0.014520413398742675
loss after epoch 107 : 0.014380245208740235
loss after epoch 108 : 0.014321724891662597
loss after epoch 109 : 0.01428850269317627
loss after epoch 110 : 0.014379497528076171
loss after epoch 111 : 0.014209546089172364
loss after epoch 112 : 0.01448368263244629
loss after epoch 113 : 0.014342700004577637
loss after epoch 114 : 0.014384740829467774
loss after epoch 115 : 0.014222434997558594
loss after epoch 116 : 0.014437169075012206
loss after epoch 117 : 0.014821919441223144
loss after epoch 118 : 0.014262310981750488
loss after epoch 119 : 0.014238015174865722
loss after epoch 120 : 0.015329771041870117
loss after epoch 121 : 0.014728398323059081
loss after epoch 122 : 0.014708662986755371
loss after epoch 123 : 0.01429923439025879
loss after epoch 124 : 0.014393355369567871
loss after epoch 125 : 0.014733391761779785
loss after epoch 126 : 0.01423020362854004
loss after epoch 127 : 0.014220523834228515
loss after epoch 128 : 0.014245718955993652
loss after epoch 129 : 0.014595922470092773
loss after epoch 130 : 0.01457667064666748
loss after epoch 131 : 0.014370198249816895
loss after epoch 132 : 0.014458361625671387
loss after epoch 133 : 0.014458389282226562
loss after epoch 134 : 0.014274409294128418
loss after epoch 135 : 0.01424501895904541
loss after epoch 136 : 0.014581424713134766
loss after epoch 137 : 0.014294771194458008
loss after epoch 138 : 0.014164861679077148
loss after epoch 139 : 0.014332120895385742
loss after epoch 140 : 0.014472615242004395
loss after epoch 141 : 0.014363455772399902
loss after epoch 142 : 0.014391696929931641
loss after epoch 143 : 0.01432971477508545
loss after epoch 144 : 0.014163474082946777
loss after epoch 145 : 0.014229085922241211
loss after epoch 146 : 0.014514885902404785
loss after epoch 147 : 0.014333527565002441
loss after epoch 148 : 0.014183711051940918
loss after epoch 149 : 0.01471273422241211
2 validation =============================
initial loss: 0.014653509140014648
loss after epoch 0 : 0.014084117889404297
loss after epoch 1 : 0.014143951416015625
loss after epoch 2 : 0.014267247200012207
loss after epoch 3 : 0.014201385498046875
loss after epoch 4 : 0.014170891761779785
loss after epoch 5 : 0.014158015251159667
loss after epoch 6 : 0.014231152534484863
loss after epoch 7 : 0.014217938423156738
loss after epoch 8 : 0.014183474540710448
loss after epoch 9 : 0.014084581375122071
loss after epoch 10 : 0.014192120552062988
loss after epoch 11 : 0.014163498878479003
loss after epoch 12 : 0.014662499427795411
loss after epoch 13 : 0.01425570011138916
loss after epoch 14 : 0.014225320816040039
loss after epoch 15 : 0.014360877990722656
loss after epoch 16 : 0.014238039970397949
loss after epoch 17 : 0.01450489616394043
loss after epoch 18 : 0.014128523826599121
loss after epoch 19 : 0.014258124351501466
loss after epoch 20 : 0.014249573707580567
loss after epoch 21 : 0.014083693504333496
loss after epoch 22 : 0.014295204162597656
loss after epoch 23 : 0.014083674430847168
loss after epoch 24 : 0.014170594215393066
loss after epoch 25 : 0.014272722244262695
loss after epoch 26 : 0.01409841823577881
loss after epoch 27 : 0.01419007396697998
loss after epoch 28 : 0.014191061019897462
loss after epoch 29 : 0.014070569038391113
loss after epoch 30 : 0.014314772605895996
loss after epoch 31 : 0.014180435180664062
loss after epoch 32 : 0.014154949188232423
loss after epoch 33 : 0.01427833366394043
loss after epoch 34 : 0.014350996017456055
loss after epoch 35 : 0.01416462516784668
loss after epoch 36 : 0.014602538108825683
loss after epoch 37 : 0.01437918472290039
loss after epoch 38 : 0.014151495933532715
loss after epoch 39 : 0.014342126846313476
loss after epoch 40 : 0.014097834587097168
loss after epoch 41 : 0.014423443794250488
loss after epoch 42 : 0.014150425910949707
loss after epoch 43 : 0.01409266471862793
loss after epoch 44 : 0.014301219940185546
loss after epoch 45 : 0.014266253471374512
loss after epoch 46 : 0.014203755378723145
loss after epoch 47 : 0.014087168693542481
loss after epoch 48 : 0.014121639251708984
loss after epoch 49 : 0.014259262084960938
loss after epoch 50 : 0.014149584770202638
loss after epoch 51 : 0.014093463897705077
loss after epoch 52 : 0.014150252342224121
loss after epoch 53 : 0.014139406204223633
loss after epoch 54 : 0.014118416786193848
loss after epoch 55 : 0.01438053321838379
loss after epoch 56 : 0.014342305183410644
loss after epoch 57 : 0.01411722755432129
loss after epoch 58 : 0.014072391510009765
loss after epoch 59 : 0.014207220077514649
loss after epoch 60 : 0.014487384796142578
loss after epoch 61 : 0.014162684440612793
loss after epoch 62 : 0.014170843124389649
loss after epoch 63 : 0.014522302627563476
loss after epoch 64 : 0.014326702117919922
loss after epoch 65 : 0.014176018714904785
loss after epoch 66 : 0.014145637512207031
loss after epoch 67 : 0.014122197151184082
loss after epoch 68 : 0.014076408386230468
loss after epoch 69 : 0.01444545078277588
loss after epoch 70 : 0.014167338371276856
loss after epoch 71 : 0.014401988983154297
loss after epoch 72 : 0.014204096794128419
loss after epoch 73 : 0.01421810245513916
loss after epoch 74 : 0.014157508850097656
loss after epoch 75 : 0.014160974502563477
loss after epoch 76 : 0.014489848136901856
loss after epoch 77 : 0.014051623344421386
loss after epoch 78 : 0.014110700607299805
loss after epoch 79 : 0.014122637748718261
loss after epoch 80 : 0.014626409530639648
loss after epoch 81 : 0.014175536155700684
loss after epoch 82 : 0.014545612335205078
loss after epoch 83 : 0.014352087974548339
loss after epoch 84 : 0.014183795928955079
loss after epoch 85 : 0.014111730575561523
loss after epoch 86 : 0.013737439155578613
loss after epoch 87 : 0.013654427528381348
loss after epoch 88 : 0.013574299812316894
loss after epoch 89 : 0.01373494052886963
loss after epoch 90 : 0.013446685791015624
loss after epoch 91 : 0.013261103630065918
loss after epoch 92 : 0.01330202579498291
loss after epoch 93 : 0.013643157958984376
loss after epoch 94 : 0.012899971008300782
loss after epoch 95 : 0.012728127479553222
loss after epoch 96 : 0.012097776412963867
loss after epoch 97 : 0.011905693054199218
loss after epoch 98 : 0.011857135772705078
loss after epoch 99 : 0.011930908203125
loss after epoch 100 : 0.011342204093933106
loss after epoch 101 : 0.011360245704650879
loss after epoch 102 : 0.011304332733154296
loss after epoch 103 : 0.011218490600585938
loss after epoch 104 : 0.011279545783996581
loss after epoch 105 : 0.01126191520690918
loss after epoch 106 : 0.01122920799255371
loss after epoch 107 : 0.012020779609680175
loss after epoch 108 : 0.011261926651000977
loss after epoch 109 : 0.011177732467651367
loss after epoch 110 : 0.011268770217895508
loss after epoch 111 : 0.011420233726501465
loss after epoch 112 : 0.011182732582092285
loss after epoch 113 : 0.011331357002258301
loss after epoch 114 : 0.011445350646972656
loss after epoch 115 : 0.01118871784210205
loss after epoch 116 : 0.011058735847473144
loss after epoch 117 : 0.011079912185668945
loss after epoch 118 : 0.011400986671447753
loss after epoch 119 : 0.011068666458129883
loss after epoch 120 : 0.011190597534179687
loss after epoch 121 : 0.01105606174468994
loss after epoch 122 : 0.01115042495727539
loss after epoch 123 : 0.01120180606842041
loss after epoch 124 : 0.011068114280700684
loss after epoch 125 : 0.011060059547424317
loss after epoch 126 : 0.011044954299926758
loss after epoch 127 : 0.011048397064208985
loss after epoch 128 : 0.011056796073913574
loss after epoch 129 : 0.011340256690979003
loss after epoch 130 : 0.011199162483215333
loss after epoch 131 : 0.011546948432922362
loss after epoch 132 : 0.01106504249572754
loss after epoch 133 : 0.011072464942932129
loss after epoch 134 : 0.011226445198059083
loss after epoch 135 : 0.01122311782836914
loss after epoch 136 : 0.01103840446472168
loss after epoch 137 : 0.011063953399658204
loss after epoch 138 : 0.011120720863342285
loss after epoch 139 : 0.011036434173583985
loss after epoch 140 : 0.01139423179626465
loss after epoch 141 : 0.011025300979614258
loss after epoch 142 : 0.01103866195678711
loss after epoch 143 : 0.011422009468078613
loss after epoch 144 : 0.011859015464782715
loss after epoch 145 : 0.011277353286743164
loss after epoch 146 : 0.011460600852966308
loss after epoch 147 : 0.011048224449157715
loss after epoch 148 : 0.011306157112121582
loss after epoch 149 : 0.011310089111328124
3 validation =============================
initial loss: 0.0114884672164917
loss after epoch 0 : 0.011630388259887695
loss after epoch 1 : 0.011232564926147461
loss after epoch 2 : 0.01129865264892578
loss after epoch 3 : 0.011185894966125489
loss after epoch 4 : 0.011448268890380859
loss after epoch 5 : 0.01126285171508789
loss after epoch 6 : 0.011166646003723144
loss after epoch 7 : 0.011255000114440918
loss after epoch 8 : 0.011219651222229003
loss after epoch 9 : 0.011234665870666504
loss after epoch 10 : 0.01142821216583252
loss after epoch 11 : 0.011265124320983887
loss after epoch 12 : 0.011294452667236329
loss after epoch 13 : 0.011268033027648925
loss after epoch 14 : 0.011361344337463379
loss after epoch 15 : 0.011260376930236817
loss after epoch 16 : 0.011255769729614258
loss after epoch 17 : 0.011184285163879395
loss after epoch 18 : 0.011200839996337891
loss after epoch 19 : 0.011475553512573242
loss after epoch 20 : 0.011535524368286133
loss after epoch 21 : 0.01133269214630127
loss after epoch 22 : 0.011346951484680175
loss after epoch 23 : 0.011319550514221191
loss after epoch 24 : 0.01164110565185547
loss after epoch 25 : 0.011200176239013673
loss after epoch 26 : 0.011806293487548828
loss after epoch 27 : 0.011298519134521484
loss after epoch 28 : 0.011372854232788086
loss after epoch 29 : 0.011293944358825683
loss after epoch 30 : 0.011240279197692871
loss after epoch 31 : 0.011170770645141602
loss after epoch 32 : 0.011214602470397949
loss after epoch 33 : 0.011602242469787598
loss after epoch 34 : 0.011337989807128907
loss after epoch 35 : 0.011208781242370605
loss after epoch 36 : 0.011192089080810546
loss after epoch 37 : 0.01124659538269043
loss after epoch 38 : 0.011259305000305175
loss after epoch 39 : 0.011580291748046876
loss after epoch 40 : 0.011184702873229981
loss after epoch 41 : 0.01195551586151123
loss after epoch 42 : 0.011203742027282715
loss after epoch 43 : 0.011333791732788086
loss after epoch 44 : 0.01122368621826172
loss after epoch 45 : 0.011224910736083985
loss after epoch 46 : 0.01115283203125
loss after epoch 47 : 0.011538058280944825
loss after epoch 48 : 0.011170296669006348
loss after epoch 49 : 0.011241816520690917
loss after epoch 50 : 0.011188803672790527
loss after epoch 51 : 0.011177165985107422
loss after epoch 52 : 0.011211647033691406
loss after epoch 53 : 0.011266786575317383
loss after epoch 54 : 0.011347350120544433
loss after epoch 55 : 0.011642932891845703
loss after epoch 56 : 0.01120566177368164
loss after epoch 57 : 0.011295818328857421
loss after epoch 58 : 0.011196880340576172
loss after epoch 59 : 0.01137044334411621
loss after epoch 60 : 0.011551673889160157
loss after epoch 61 : 0.011245709419250488
loss after epoch 62 : 0.011670730590820312
loss after epoch 63 : 0.011154776573181152
loss after epoch 64 : 0.011234106063842774
loss after epoch 65 : 0.011194426536560059
loss after epoch 66 : 0.011258940696716308
loss after epoch 67 : 0.011231182098388671
loss after epoch 68 : 0.011843021392822266
loss after epoch 69 : 0.011254432678222657
loss after epoch 70 : 0.011445630073547363
loss after epoch 71 : 0.011213876724243165
loss after epoch 72 : 0.011172456741333008
loss after epoch 73 : 0.01138496208190918
loss after epoch 74 : 0.01129372215270996
loss after epoch 75 : 0.01115067195892334
loss after epoch 76 : 0.011291342735290527
loss after epoch 77 : 0.011284443855285644
loss after epoch 78 : 0.01120456314086914
loss after epoch 79 : 0.012564078330993652
loss after epoch 80 : 0.01124904441833496
loss after epoch 81 : 0.01142728614807129
loss after epoch 82 : 0.01125529956817627
loss after epoch 83 : 0.011258727073669433
loss after epoch 84 : 0.011258408546447754
loss after epoch 85 : 0.011342266082763671
loss after epoch 86 : 0.011196208000183106
loss after epoch 87 : 0.011252938270568847
loss after epoch 88 : 0.01124183464050293
loss after epoch 89 : 0.012327542304992676
loss after epoch 90 : 0.011320219039916993
loss after epoch 91 : 0.011293025016784667
loss after epoch 92 : 0.011213674545288085
loss after epoch 93 : 0.011615715026855468
loss after epoch 94 : 0.011317836761474609
loss after epoch 95 : 0.011434311866760255
loss after epoch 96 : 0.01153091049194336
loss after epoch 97 : 0.011199740409851075
loss after epoch 98 : 0.01151188850402832
loss after epoch 99 : 0.01126878547668457
loss after epoch 100 : 0.011183683395385741
loss after epoch 101 : 0.011391825675964355
loss after epoch 102 : 0.011272714614868165
loss after epoch 103 : 0.011196161270141601
loss after epoch 104 : 0.01147007942199707
loss after epoch 105 : 0.011401679039001465
loss after epoch 106 : 0.011185239791870118
loss after epoch 107 : 0.011209771156311036
loss after epoch 108 : 0.011401426315307618
loss after epoch 109 : 0.011157314300537109
loss after epoch 110 : 0.01125474739074707
loss after epoch 111 : 0.011209931373596192
loss after epoch 112 : 0.011291579246520996
loss after epoch 113 : 0.011449437141418457
loss after epoch 114 : 0.011576060295104981
loss after epoch 115 : 0.011653812408447265
loss after epoch 116 : 0.011531792640686035
loss after epoch 117 : 0.011217284202575683
loss after epoch 118 : 0.011303718566894532
loss after epoch 119 : 0.011290976524353027
loss after epoch 120 : 0.011231326103210449
loss after epoch 121 : 0.011303606033325196
loss after epoch 122 : 0.011147121429443359
loss after epoch 123 : 0.011198918342590332
loss after epoch 124 : 0.0114074125289917
loss after epoch 125 : 0.011315473556518555
loss after epoch 126 : 0.011528868675231934
loss after epoch 127 : 0.011351438522338867
loss after epoch 128 : 0.01117205047607422
loss after epoch 129 : 0.011294676780700683
loss after epoch 130 : 0.01152695369720459
loss after epoch 131 : 0.01155947208404541
loss after epoch 132 : 0.011371371269226074
loss after epoch 133 : 0.011178854942321778
loss after epoch 134 : 0.011169694900512695
loss after epoch 135 : 0.011300996780395508
loss after epoch 136 : 0.011323043823242188
loss after epoch 137 : 0.011221126556396484
loss after epoch 138 : 0.011838050842285156
loss after epoch 139 : 0.011587705612182617
loss after epoch 140 : 0.011406342506408691
loss after epoch 141 : 0.011246157646179198
loss after epoch 142 : 0.011177066802978516
loss after epoch 143 : 0.011211437225341797
loss after epoch 144 : 0.011338465690612793
loss after epoch 145 : 0.011284529685974121
loss after epoch 146 : 0.011225648880004883
loss after epoch 147 : 0.011169015884399414
loss after epoch 148 : 0.011183577537536621
loss after epoch 149 : 0.01118362522125244
4 validation =============================
initial loss: 0.011130237579345703
loss after epoch 0 : 0.011237554550170899
loss after epoch 1 : 0.011139591217041016
loss after epoch 2 : 0.011392459869384766
loss after epoch 3 : 0.011309457778930663
loss after epoch 4 : 0.01122303867340088
loss after epoch 5 : 0.01120476245880127
loss after epoch 6 : 0.011213193893432618
loss after epoch 7 : 0.011073715209960937
loss after epoch 8 : 0.011092401504516602
loss after epoch 9 : 0.011962088584899902
loss after epoch 10 : 0.011099000930786133
loss after epoch 11 : 0.011119582176208497
loss after epoch 12 : 0.011139802932739258
loss after epoch 13 : 0.011110479354858399
loss after epoch 14 : 0.011160175323486328
loss after epoch 15 : 0.011112784385681152
loss after epoch 16 : 0.011106316566467284
loss after epoch 17 : 0.011106406211853027
loss after epoch 18 : 0.011364784240722656
loss after epoch 19 : 0.011071475982666015
loss after epoch 20 : 0.011438064575195313
loss after epoch 21 : 0.011130451202392578
loss after epoch 22 : 0.011076090812683105
loss after epoch 23 : 0.011113871574401855
loss after epoch 24 : 0.01109128189086914
loss after epoch 25 : 0.011170218467712403
loss after epoch 26 : 0.011183353424072265
loss after epoch 27 : 0.011289670944213867
loss after epoch 28 : 0.011171937942504883
loss after epoch 29 : 0.011385882377624511
loss after epoch 30 : 0.011079818725585937
loss after epoch 31 : 0.01117661190032959
loss after epoch 32 : 0.01118539333343506
loss after epoch 33 : 0.011073539733886719
loss after epoch 34 : 0.011104873657226563
loss after epoch 35 : 0.011328283309936524
loss after epoch 36 : 0.011246189117431641
loss after epoch 37 : 0.01186231803894043
loss after epoch 38 : 0.011177083015441895
loss after epoch 39 : 0.01142025089263916
loss after epoch 40 : 0.011284896850585938
loss after epoch 41 : 0.011128400802612305
loss after epoch 42 : 0.01119612693786621
loss after epoch 43 : 0.011435083389282227
loss after epoch 44 : 0.011219366073608399
loss after epoch 45 : 0.01120419979095459
loss after epoch 46 : 0.011070822715759277
loss after epoch 47 : 0.011106271743774414
loss after epoch 48 : 0.011241785049438477
loss after epoch 49 : 0.01143941593170166
loss after epoch 50 : 0.011147746086120605
loss after epoch 51 : 0.011272076606750489
loss after epoch 52 : 0.011221392631530762
loss after epoch 53 : 0.011092002868652345
loss after epoch 54 : 0.011233153343200684
loss after epoch 55 : 0.011144538879394532
loss after epoch 56 : 0.011199065208435059
loss after epoch 57 : 0.01115600872039795
loss after epoch 58 : 0.011131927490234375
loss after epoch 59 : 0.011065519332885743
loss after epoch 60 : 0.011139610290527343
loss after epoch 61 : 0.011193850517272948
loss after epoch 62 : 0.011431504249572753
loss after epoch 63 : 0.011068216323852539
loss after epoch 64 : 0.011066166877746583
loss after epoch 65 : 0.011220246315002442
loss after epoch 66 : 0.011112242698669434
loss after epoch 67 : 0.01107787799835205
loss after epoch 68 : 0.011259366989135742
loss after epoch 69 : 0.011129874229431153
loss after epoch 70 : 0.01115872859954834
loss after epoch 71 : 0.011229975700378418
loss after epoch 72 : 0.01104859733581543
loss after epoch 73 : 0.011161233901977539
loss after epoch 74 : 0.011297130584716797
loss after epoch 75 : 0.011176027297973633
loss after epoch 76 : 0.011225358009338379
loss after epoch 77 : 0.011114615440368653
loss after epoch 78 : 0.011092587471008301
loss after epoch 79 : 0.01104642391204834
loss after epoch 80 : 0.011096952438354492
loss after epoch 81 : 0.011046210289001464
loss after epoch 82 : 0.011067551612854004
loss after epoch 83 : 0.011163222312927245
loss after epoch 84 : 0.011328622817993165
loss after epoch 85 : 0.011127928733825683
loss after epoch 86 : 0.011080801010131836
loss after epoch 87 : 0.011093950271606446
loss after epoch 88 : 0.011797499656677247
loss after epoch 89 : 0.011060699462890625
loss after epoch 90 : 0.011071208953857423
loss after epoch 91 : 0.011277946472167968
loss after epoch 92 : 0.011034600257873535
loss after epoch 93 : 0.011138224601745605
loss after epoch 94 : 0.01109415054321289
loss after epoch 95 : 0.011083812713623046
loss after epoch 96 : 0.011127074241638184
loss after epoch 97 : 0.01119051456451416
loss after epoch 98 : 0.01108986759185791
loss after epoch 99 : 0.01107005500793457
loss after epoch 100 : 0.011136045455932617
loss after epoch 101 : 0.011266905784606934
loss after epoch 102 : 0.011067645072937012
loss after epoch 103 : 0.011341937065124512
loss after epoch 104 : 0.011078113555908204
loss after epoch 105 : 0.011039950370788575
loss after epoch 106 : 0.01114254093170166
loss after epoch 107 : 0.011256869316101075
loss after epoch 108 : 0.011090187072753907
loss after epoch 109 : 0.01124631690979004
loss after epoch 110 : 0.011138032913208008
loss after epoch 111 : 0.01154311466217041
loss after epoch 112 : 0.011374600410461426
loss after epoch 113 : 0.011092828750610352
loss after epoch 114 : 0.011231724739074706
loss after epoch 115 : 0.011258639335632325
loss after epoch 116 : 0.011206708908081054
loss after epoch 117 : 0.011063448905944824
loss after epoch 118 : 0.011579607009887695
loss after epoch 119 : 0.011062870025634766
loss after epoch 120 : 0.011110983848571777
loss after epoch 121 : 0.011128206253051758
loss after epoch 122 : 0.012014046669006347
loss after epoch 123 : 0.011096980094909668
loss after epoch 124 : 0.01108840274810791
loss after epoch 125 : 0.011506361961364746
loss after epoch 126 : 0.01112932300567627
loss after epoch 127 : 0.011221322059631347
loss after epoch 128 : 0.011048927307128906
loss after epoch 129 : 0.011209507942199708
loss after epoch 130 : 0.011251128196716309
loss after epoch 131 : 0.011074482917785644
loss after epoch 132 : 0.011039306640625
loss after epoch 133 : 0.01110043716430664
loss after epoch 134 : 0.011097018241882323
loss after epoch 135 : 0.01141441535949707
loss after epoch 136 : 0.011234561920166015
loss after epoch 137 : 0.011113688468933106
loss after epoch 138 : 0.0110650634765625
loss after epoch 139 : 0.01108725929260254
loss after epoch 140 : 0.011079924583435059
loss after epoch 141 : 0.01114625358581543
loss after epoch 142 : 0.011043660163879395
loss after epoch 143 : 0.011033069610595704
loss after epoch 144 : 0.011221575736999511
loss after epoch 145 : 0.011034608840942383
loss after epoch 146 : 0.011088347434997559
loss after epoch 147 : 0.011108972549438477
loss after epoch 148 : 0.01110312843322754
loss after epoch 149 : 0.011244465827941894
average    traning loss: 0.01250518798828125
average validation loss: 0.012529115523061445
cumulative dist  = 1.3296100795269012
kl divergence & its square = 0.6097123610386782 0.3717491632033595
js divergence & its square = 0.055222176617841394 0.0030494887904120686
kl divergence & its square(batch) = 0.07621404512983478 0.005808580675052492
js divergence & its square(batch) = 0.00690277207723016 4.764826235018838e-05
